<?xml version="1.0" encoding="UTF-8"?>
<testsuite xmlns:xsi="http://www.w3.org/2001/XMLSchema-instance" xsi:noNamespaceSchemaLocation="https://maven.apache.org/surefire/maven-surefire-plugin/xsd/surefire-test-report-3.0.xsd" version="3.0" name="sparksql_demo.TestSparkSql" time="47.302" tests="1" errors="0" skipped="0" failures="0">
  <properties>
[...]
</properties>
  <testcase name="testSparkSql" classname="sparksql_demo.TestSparkSql" time="47.122">
    <system-out><![CDATA[+---------+---------+--------------------+--------+------------+---------+----------+--------------+
|InvoiceNo|StockCode|         Description|Quantity| InvoiceDate|UnitPrice|CustomerID|       Country|
+---------+---------+--------------------+--------+------------+---------+----------+--------------+
|   536365|   85123A|WHITE HANGING HEA...|       6|12/1/10 8:26|     2.55|     17850|United Kingdom|
|   536365|    71053| WHITE METAL LANTERN|       6|12/1/10 8:26|     3.39|     17850|United Kingdom|
|   536365|   84406B|CREAM CUPID HEART...|       8|12/1/10 8:26|     2.75|     17850|United Kingdom|
|   536365|   84029G|KNITTED UNION FLA...|       6|12/1/10 8:26|     3.39|     17850|United Kingdom|
|   536365|   84029E|RED WOOLLY HOTTIE...|       6|12/1/10 8:26|     3.39|     17850|United Kingdom|
|   536365|    22752|SET 7 BABUSHKA NE...|       2|12/1/10 8:26|     7.65|     17850|United Kingdom|
|   536365|    21730|GLASS STAR FROSTE...|       6|12/1/10 8:26|     4.25|     17850|United Kingdom|
|   536366|    22633|HAND WARMER UNION...|       6|12/1/10 8:28|     1.85|     17850|United Kingdom|
|   536366|    22632|HAND WARMER RED P...|       6|12/1/10 8:28|     1.85|     17850|United Kingdom|
|   536367|    84879|ASSORTED COLOUR B...|      32|12/1/10 8:34|     1.69|     13047|United Kingdom|
|   536367|    22745|POPPY'S PLAYHOUSE...|       6|12/1/10 8:34|      2.1|     13047|United Kingdom|
|   536367|    22748|POPPY'S PLAYHOUSE...|       6|12/1/10 8:34|      2.1|     13047|United Kingdom|
|   536367|    22749|FELTCRAFT PRINCES...|       8|12/1/10 8:34|     3.75|     13047|United Kingdom|
|   536367|    22310|IVORY KNITTED MUG...|       6|12/1/10 8:34|     1.65|     13047|United Kingdom|
|   536367|    84969|BOX OF 6 ASSORTED...|       6|12/1/10 8:34|     4.25|     13047|United Kingdom|
|   536367|    22623|BOX OF VINTAGE JI...|       3|12/1/10 8:34|     4.95|     13047|United Kingdom|
|   536367|    22622|BOX OF VINTAGE AL...|       2|12/1/10 8:34|     9.95|     13047|United Kingdom|
|   536367|    21754|HOME BUILDING BLO...|       3|12/1/10 8:34|     5.95|     13047|United Kingdom|
|   536367|    21755|LOVE BUILDING BLO...|       3|12/1/10 8:34|     5.95|     13047|United Kingdom|
|   536367|    21777|RECIPE BOX WITH M...|       4|12/1/10 8:34|     7.95|     13047|United Kingdom|
+---------+---------+--------------------+--------+------------+---------+----------+--------------+
only showing top 20 rows

Số lượng khách hàng:541909
Số lượng khách hàng không có thông tin:135080
Số khách hàng khác nhau: 4372
Số sản phẩm khác nhau: 4070
Số giao dịch khác nhau: 25900
+---------------+-------+
|        Country|  count|
+---------------+-------+
| United Kingdom|4263829|
|    Netherlands| 200128|
|           EIRE| 142637|
|        Germany| 117448|
|         France| 110480|
|      Australia|  83653|
|         Sweden|  35637|
|    Switzerland|  30325|
|          Spain|  26824|
|          Japan|  25218|
|        Belgium|  23152|
|         Norway|  19247|
|       Portugal|  16180|
|        Finland|  10666|
|Channel Islands|   9479|
|        Denmark|   8188|
|          Italy|   7999|
|         Cyprus|   6317|
|      Singapore|   5234|
|        Austria|   4827|
+---------------+-------+
only showing top 20 rows

]]></system-out>
    <system-err><![CDATA[Using Spark's default log4j profile: org/apache/spark/log4j2-defaults.properties
{"ts":"2024-12-13T16:04:26.808Z","level":"INFO","msg":"Running Spark version 4.0.0-preview2","context":{"spark_version":"4.0.0-preview2"},"logger":"SparkContext"}
{"ts":"2024-12-13T16:04:26.834Z","level":"INFO","msg":"OS info Windows 10, 10.0, amd64","context":{"os_arch":"amd64","os_name":"Windows 10","os_version":"10.0"},"logger":"SparkContext"}
{"ts":"2024-12-13T16:04:26.847Z","level":"INFO","msg":"Java version 21.0.2","context":{"java_version":"21.0.2"},"logger":"SparkContext"}
{"ts":"2024-12-13T16:04:27.661Z","level":"WARN","msg":"Did not find winutils.exe: java.io.FileNotFoundException: java.io.FileNotFoundException: HADOOP_HOME and hadoop.home.dir are unset. -see https://cwiki.apache.org/confluence/display/HADOOP2/WindowsProblems","logger":"Shell"}
{"ts":"2024-12-13T16:04:27.935Z","level":"WARN","msg":"Unable to load native-hadoop library for your platform... using builtin-java classes where applicable","logger":"NativeCodeLoader"}
{"ts":"2024-12-13T16:04:28.203Z","level":"INFO","msg":"==============================================================","logger":"ResourceUtils"}
{"ts":"2024-12-13T16:04:28.204Z","level":"INFO","msg":"No custom resources configured for spark.driver.","logger":"ResourceUtils"}
{"ts":"2024-12-13T16:04:28.205Z","level":"INFO","msg":"==============================================================","logger":"ResourceUtils"}
{"ts":"2024-12-13T16:04:28.207Z","level":"INFO","msg":"Submitted application: Part-1","context":{"app_name":"Part-1"},"logger":"SparkContext"}
{"ts":"2024-12-13T16:04:28.303Z","level":"INFO","msg":"Default ResourceProfile created, executor resources: Map(cores -> name: cores, amount: 1, script: , vendor: , memory -> name: memory, amount: 1024, script: , vendor: , offHeap -> name: offHeap, amount: 0, script: , vendor: ), task resources: Map(cpus -> name: cpus, amount: 1.0)","context":{"executor_resources":"Map(cores -> name: cores, amount: 1, script: , vendor: , memory -> name: memory, amount: 1024, script: , vendor: , offHeap -> name: offHeap, amount: 0, script: , vendor: )","task_resources":"Map(cpus -> name: cpus, amount: 1.0)"},"logger":"ResourceProfile"}
{"ts":"2024-12-13T16:04:28.317Z","level":"INFO","msg":"Limiting resource is cpu","context":{"resource":"cpu"},"logger":"ResourceProfile"}
{"ts":"2024-12-13T16:04:28.321Z","level":"INFO","msg":"Added ResourceProfile id: 0","context":{"resource_profile_id":"0"},"logger":"ResourceProfileManager"}
{"ts":"2024-12-13T16:04:28.476Z","level":"INFO","msg":"Changing view acls to: Administrator","context":{"view_acls":"Administrator"},"logger":"SecurityManager"}
{"ts":"2024-12-13T16:04:28.480Z","level":"INFO","msg":"Changing modify acls to: Administrator","context":{"modify_acls":"Administrator"},"logger":"SecurityManager"}
{"ts":"2024-12-13T16:04:28.482Z","level":"INFO","msg":"Changing view acls groups to: Administrator","context":{"view_acls":"Administrator"},"logger":"SecurityManager"}
{"ts":"2024-12-13T16:04:28.483Z","level":"INFO","msg":"Changing modify acls groups to: Administrator","context":{"modify_acls":"Administrator"},"logger":"SecurityManager"}
{"ts":"2024-12-13T16:04:28.488Z","level":"INFO","msg":"SecurityManager: authentication disabled; ui acls disabled; users with view permissions: Administrator groups with view permissions: EMPTY; users with modify permissions: Administrator; groups with modify permissions: EMPTY; RPC SSL disabled","context":{"auth_enabled":"disabled","modify_acls":"Administrator","modify_acls_groups":"EMPTY","rpc_ssl_enabled":"disabled","ui_acls":"disabled","view_acls":"Administrator","view_acls_groups":"EMPTY"},"logger":"SecurityManager"}
{"ts":"2024-12-13T16:04:29.444Z","level":"INFO","msg":"Successfully started service 'sparkDriver' on port 53523.","context":{"port":"53523","service_name":" 'sparkDriver'"},"logger":"Utils"}
{"ts":"2024-12-13T16:04:29.530Z","level":"INFO","msg":"Registering MapOutputTracker","context":{"endpoint_name":"MapOutputTracker"},"logger":"SparkEnv"}
{"ts":"2024-12-13T16:04:29.565Z","level":"INFO","msg":"Registering BlockManagerMaster","context":{"endpoint_name":"BlockManagerMaster"},"logger":"SparkEnv"}
{"ts":"2024-12-13T16:04:29.634Z","level":"INFO","msg":"Using org.apache.spark.storage.DefaultTopologyMapper for getting topology information","context":{"class_name":"org.apache.spark.storage.DefaultTopologyMapper"},"logger":"BlockManagerMasterEndpoint"}
{"ts":"2024-12-13T16:04:29.636Z","level":"INFO","msg":"BlockManagerMasterEndpoint up","logger":"BlockManagerMasterEndpoint"}
{"ts":"2024-12-13T16:04:29.646Z","level":"INFO","msg":"Registering BlockManagerMasterHeartbeat","context":{"endpoint_name":"BlockManagerMasterHeartbeat"},"logger":"SparkEnv"}
{"ts":"2024-12-13T16:04:29.735Z","level":"INFO","msg":"Created local directory at C:\\Users\\Administrator\\AppData\\Local\\Temp\\blockmgr-38687b98-fdfa-4bfa-847b-0caa00a3e8c9","context":{"path":"C:\\Users\\Administrator\\AppData\\Local\\Temp\\blockmgr-38687b98-fdfa-4bfa-847b-0caa00a3e8c9"},"logger":"DiskBlockManager"}
{"ts":"2024-12-13T16:04:29.874Z","level":"INFO","msg":"Registering OutputCommitCoordinator","context":{"endpoint_name":"OutputCommitCoordinator"},"logger":"SparkEnv"}
{"ts":"2024-12-13T16:04:30.297Z","level":"INFO","msg":"Start Jetty 0.0.0.0:4040 for SparkUI","context":{"host":"0.0.0.0","port":"4040","server_name":"SparkUI"},"logger":"JettyUtils"}
{"ts":"2024-12-13T16:04:30.485Z","level":"INFO","msg":"Successfully started service 'SparkUI' on port 4040.","context":{"port":"4040","service_name":" 'SparkUI'"},"logger":"Utils"}
{"ts":"2024-12-13T16:04:30.712Z","level":"INFO","msg":"Changing view acls to: Administrator","context":{"view_acls":"Administrator"},"logger":"SecurityManager"}
{"ts":"2024-12-13T16:04:30.713Z","level":"INFO","msg":"Changing modify acls to: Administrator","context":{"modify_acls":"Administrator"},"logger":"SecurityManager"}
{"ts":"2024-12-13T16:04:30.714Z","level":"INFO","msg":"Changing view acls groups to: Administrator","context":{"view_acls":"Administrator"},"logger":"SecurityManager"}
{"ts":"2024-12-13T16:04:30.714Z","level":"INFO","msg":"Changing modify acls groups to: Administrator","context":{"modify_acls":"Administrator"},"logger":"SecurityManager"}
{"ts":"2024-12-13T16:04:30.715Z","level":"INFO","msg":"SecurityManager: authentication disabled; ui acls disabled; users with view permissions: Administrator groups with view permissions: EMPTY; users with modify permissions: Administrator; groups with modify permissions: EMPTY; RPC SSL disabled","context":{"auth_enabled":"disabled","modify_acls":"Administrator","modify_acls_groups":"EMPTY","rpc_ssl_enabled":"disabled","ui_acls":"disabled","view_acls":"Administrator","view_acls_groups":"EMPTY"},"logger":"SecurityManager"}
{"ts":"2024-12-13T16:04:30.907Z","level":"INFO","msg":"Starting executor ID driver on host Admin","context":{"executor_id":"driver","host":"Admin"},"logger":"Executor"}
{"ts":"2024-12-13T16:04:30.908Z","level":"INFO","msg":"OS info Windows 10, 10.0, amd64","context":{"os_arch":"amd64","os_name":"Windows 10","os_version":"10.0"},"logger":"Executor"}
{"ts":"2024-12-13T16:04:30.909Z","level":"INFO","msg":"Java version 21.0.2","context":{"java_version":"21.0.2"},"logger":"Executor"}
{"ts":"2024-12-13T16:04:30.928Z","level":"INFO","msg":"Starting executor with user classpath (userClassPathFirst = false): ''","context":{"executor_user_class_path_first":"false","urls":"''"},"logger":"Executor"}
{"ts":"2024-12-13T16:04:30.932Z","level":"INFO","msg":"Created or updated repl class loader org.apache.spark.util.MutableURLClassLoader@33f17289 for default.","context":{"class_loader":"org.apache.spark.util.MutableURLClassLoader@33f17289","session_id":"default"},"logger":"Executor"}
{"ts":"2024-12-13T16:04:30.996Z","level":"INFO","msg":"Successfully started service 'org.apache.spark.network.netty.NettyBlockTransferService' on port 53524.","context":{"port":"53524","service_name":" 'org.apache.spark.network.netty.NettyBlockTransferService'"},"logger":"Utils"}
{"ts":"2024-12-13T16:04:30.998Z","level":"INFO","msg":"Server created on Admin:53524","context":{"host":"Admin","port":"53524"},"logger":"NettyBlockTransferService"}
{"ts":"2024-12-13T16:04:31.001Z","level":"INFO","msg":"Using org.apache.spark.storage.RandomBlockReplicationPolicy for block replication policy","context":{"class_name":"org.apache.spark.storage.RandomBlockReplicationPolicy"},"logger":"BlockManager"}
{"ts":"2024-12-13T16:04:31.059Z","level":"INFO","msg":"Registering BlockManager BlockManagerId(driver, Admin, 53524, None)","context":{"block_manager_id":"BlockManagerId(driver, Admin, 53524, None)"},"logger":"BlockManagerMaster"}
{"ts":"2024-12-13T16:04:31.083Z","level":"INFO","msg":"Registering block manager Admin:53524 with 421.2 MiB RAM, BlockManagerId(driver, Admin, 53524, None)","context":{"block_manager_id":"BlockManagerId(driver, Admin, 53524, None)","host_port":"Admin:53524","memory_size":"421.2 MiB"},"logger":"BlockManagerMasterEndpoint"}
{"ts":"2024-12-13T16:04:31.089Z","level":"INFO","msg":"Registered BlockManager BlockManagerId(driver, Admin, 53524, None)","context":{"block_manager_id":"BlockManagerId(driver, Admin, 53524, None)"},"logger":"BlockManagerMaster"}
{"ts":"2024-12-13T16:04:31.116Z","level":"INFO","msg":"Initialized BlockManager: BlockManagerId(driver, Admin, 53524, None)","context":{"block_manager_id":"BlockManagerId(driver, Admin, 53524, None)"},"logger":"BlockManager"}
{"ts":"2024-12-13T16:04:32.189Z","level":"INFO","msg":"Setting hive.metastore.warehouse.dir ('null') to the value of spark.sql.warehouse.dir.","context":{"config":"hive.metastore.warehouse.dir","config2":"spark.sql.warehouse.dir","value":null},"logger":"SharedState"}
{"ts":"2024-12-13T16:04:32.225Z","level":"INFO","msg":"Warehouse path is 'file:/D:/eclipse-workspace/sparksql_demo/spark-warehouse'.","context":{"path":"file:/D:/eclipse-workspace/sparksql_demo/spark-warehouse"},"logger":"SharedState"}
{"ts":"2024-12-13T16:04:34.981Z","level":"INFO","msg":"It took 120 ms to list leaf files for 1 paths.","context":{"count":"1","elapsed_time":"120"},"logger":"InMemoryFileIndex"}
{"ts":"2024-12-13T16:04:35.097Z","level":"INFO","msg":"It took 4 ms to list leaf files for 1 paths.","context":{"count":"1","elapsed_time":"4"},"logger":"InMemoryFileIndex"}
{"ts":"2024-12-13T16:04:42.585Z","level":"INFO","msg":"Pushed Filters: ","context":{"pushed_filters":""},"logger":"FileSourceStrategy"}
{"ts":"2024-12-13T16:04:42.593Z","level":"INFO","msg":"Post-Scan Filters: (length(trim(value#0, None)) > 0)","context":{"post_scan_filters":"(length(trim(value#0, None)) > 0)"},"logger":"FileSourceStrategy"}
{"ts":"2024-12-13T16:04:44.516Z","level":"INFO","msg":"Code generated in 842.8667 ms","context":{"total_time":"842.8667"},"logger":"CodeGenerator"}
{"ts":"2024-12-13T16:04:44.576Z","level":"INFO","msg":"MemoryStore started with capacity 421.2 MiB","context":{"memory_size":"421.2 MiB"},"logger":"MemoryStore"}
{"ts":"2024-12-13T16:04:44.604Z","level":"INFO","msg":"Block broadcast_0 stored as values in memory (estimated size 376.0 B, free 421.2 MiB)","context":{"block_id":"broadcast_0","free_memory_size":"421.2 MiB","memory_size":"376.0 B"},"logger":"MemoryStore"}
{"ts":"2024-12-13T16:04:44.866Z","level":"INFO","msg":"Block broadcast_0_piece0 stored as bytes in memory (estimated size 38.3 KiB, free 421.2 MiB)","context":{"block_id":"broadcast_0_piece0","memory_size":"421.2 MiB","size":"38.3 KiB"},"logger":"MemoryStore"}
{"ts":"2024-12-13T16:04:44.873Z","level":"INFO","msg":"Added broadcast_0_piece0 in memory on Admin:53524 (size: 38.3 KiB, free: 421.2 MiB)","context":{"block_id":"broadcast_0_piece0","current_memory_size":"38.3 KiB","free_memory_size":"421.2 MiB","host_port":"Admin:53524"},"logger":"BlockManagerInfo"}
{"ts":"2024-12-13T16:04:44.886Z","level":"INFO","msg":"Created broadcast 0 from csv at TestSparkSql.java:19","context":{"broadcast_id":"0","call_site_short_form":"csv at TestSparkSql.java:19"},"logger":"SparkContext"}
{"ts":"2024-12-13T16:04:44.917Z","level":"INFO","msg":"Planning scan with bin packing, max size: 48149213 bytes, open cost is considered as scanning 4194304 bytes.","context":{"max_split_bytes":"48149213","open_cost_in_bytes":"4194304"},"logger":"FileSourceScanExec"}
{"ts":"2024-12-13T16:04:45.213Z","level":"INFO","msg":"Starting job: csv at TestSparkSql.java:19","context":{"call_site_short_form":"csv at TestSparkSql.java:19"},"logger":"SparkContext"}
{"ts":"2024-12-13T16:04:45.264Z","level":"INFO","msg":"Got job 0 (csv at TestSparkSql.java:19) with 1 output partitions","context":{"call_site_short_form":"csv at TestSparkSql.java:19","job_id":"0","num_partitions":"1"},"logger":"DAGScheduler"}
{"ts":"2024-12-13T16:04:45.267Z","level":"INFO","msg":"Final stage: ResultStage 0 (csv at TestSparkSql.java:19)","context":{"stage_id":"ResultStage 0","stage_name":"csv at TestSparkSql.java:19"},"logger":"DAGScheduler"}
{"ts":"2024-12-13T16:04:45.268Z","level":"INFO","msg":"Parents of final stage: List()","context":{"stage_id":"List()"},"logger":"DAGScheduler"}
{"ts":"2024-12-13T16:04:45.273Z","level":"INFO","msg":"Missing parents: List()","context":{"missing_parent_stages":"List()"},"logger":"DAGScheduler"}
{"ts":"2024-12-13T16:04:45.287Z","level":"INFO","msg":"Submitting ResultStage 0 (MapPartitionsRDD[3] at csv at TestSparkSql.java:19), which has no missing parents","context":{"rdd_id":"MapPartitionsRDD[3] at csv at TestSparkSql.java:19","stage_id":"ResultStage 0"},"logger":"DAGScheduler"}
{"ts":"2024-12-13T16:04:45.540Z","level":"INFO","msg":"Block broadcast_1 stored as values in memory (estimated size 14.2 KiB, free 421.1 MiB)","context":{"block_id":"broadcast_1","free_memory_size":"421.1 MiB","memory_size":"14.2 KiB"},"logger":"MemoryStore"}
{"ts":"2024-12-13T16:04:45.544Z","level":"INFO","msg":"Block broadcast_1_piece0 stored as bytes in memory (estimated size 6.7 KiB, free 421.1 MiB)","context":{"block_id":"broadcast_1_piece0","memory_size":"421.1 MiB","size":"6.7 KiB"},"logger":"MemoryStore"}
{"ts":"2024-12-13T16:04:45.545Z","level":"INFO","msg":"Added broadcast_1_piece0 in memory on Admin:53524 (size: 6.7 KiB, free: 421.2 MiB)","context":{"block_id":"broadcast_1_piece0","current_memory_size":"6.7 KiB","free_memory_size":"421.2 MiB","host_port":"Admin:53524"},"logger":"BlockManagerInfo"}
{"ts":"2024-12-13T16:04:45.546Z","level":"INFO","msg":"Created broadcast 1 from broadcast at DAGScheduler.scala:1644","context":{"broadcast_id":"1","call_site_short_form":"broadcast at DAGScheduler.scala:1644"},"logger":"SparkContext"}
{"ts":"2024-12-13T16:04:45.600Z","level":"INFO","msg":"Submitting 1 missing tasks from ResultStage 0 (MapPartitionsRDD[3] at csv at TestSparkSql.java:19) (first 15 tasks are for partitions Vector(0))","context":{"num_tasks":"1","partition_ids":"Vector(0)","rdd_id":"MapPartitionsRDD[3] at csv at TestSparkSql.java:19","stage_id":"ResultStage 0"},"logger":"DAGScheduler"}
{"ts":"2024-12-13T16:04:45.605Z","level":"INFO","msg":"Adding task set 0.0 with 1 tasks resource profile 0","context":{"num_tasks":"1","resource_profile_id":"0","stage_attempt":"0","stage_id":"0"},"logger":"TaskSchedulerImpl"}
{"ts":"2024-12-13T16:04:45.660Z","level":"INFO","msg":"Starting task 0.0 in stage 0.0 (TID 0) (Admin,executor driver, partition 0, PROCESS_LOCAL, 10276 bytes) ","context":{"executor_id":"driver","host":"Admin","partition_id":"0","size":"10276","task_locality":"PROCESS_LOCAL","task_name":"task 0.0 in stage 0.0 (TID 0)"},"logger":"TaskSetManager"}
{"ts":"2024-12-13T16:04:45.734Z","level":"INFO","msg":"Running task 0.0 in stage 0.0 (TID 0)","context":{"task_name":"task 0.0 in stage 0.0 (TID 0)"},"logger":"Executor"}
{"ts":"2024-12-13T16:04:46.008Z","level":"INFO","msg":"Code generated in 26.5246 ms","context":{"task_name":"task 0.0 in stage 0.0 (TID 0)","total_time":"26.5246"},"logger":"CodeGenerator"}
{"ts":"2024-12-13T16:04:46.038Z","level":"INFO","msg":"Reading File path: file:///D:/eclipse-workspace/sparksql_demo/src/test/java/sparksql_demo/retails.csv, range: 0-43954909, partition values: [empty row]","context":{"current_file":"path: file:///D:/eclipse-workspace/sparksql_demo/src/test/java/sparksql_demo/retails.csv, range: 0-43954909, partition values: [empty row]","task_name":"task 0.0 in stage 0.0 (TID 0)"},"logger":"FileScanRDD"}
{"ts":"2024-12-13T16:04:46.099Z","level":"INFO","msg":"Code generated in 50.2087 ms","context":{"task_name":"task 0.0 in stage 0.0 (TID 0)","total_time":"50.2087"},"logger":"CodeGenerator"}
{"ts":"2024-12-13T16:04:46.298Z","level":"INFO","msg":"Finished task 0.0 in stage 0.0 (TID 0). 1808 bytes result sent to driver","context":{"num_bytes":"1808","task_name":"task 0.0 in stage 0.0 (TID 0)"},"logger":"Executor"}
{"ts":"2024-12-13T16:04:46.314Z","level":"INFO","msg":"Finished task 0.0 in stage 0.0 (TID 0) in 675 ms on Admin (executor driver) (1/1)","context":{"duration":"675","executor_id":"driver","host":"Admin","num_successful_tasks":"1","num_tasks":"1","task_name":"task 0.0 in stage 0.0 (TID 0)"},"logger":"TaskSetManager"}
{"ts":"2024-12-13T16:04:46.318Z","level":"INFO","msg":"Removed TaskSet 0.0 whose tasks have all completed, from pool ","context":{"pool_name":"","stage_attempt":"0","stage_id":"0"},"logger":"TaskSchedulerImpl"}
{"ts":"2024-12-13T16:04:46.328Z","level":"INFO","msg":"ResultStage 0 (csv at TestSparkSql.java:19) finished in 944 ms","context":{"stage":"ResultStage 0","stage_name":"csv at TestSparkSql.java:19","time_units":"944"},"logger":"DAGScheduler"}
{"ts":"2024-12-13T16:04:46.332Z","level":"INFO","msg":"Job 0 is finished. Cancelling potential speculative or zombie tasks for this job","context":{"job_id":"0"},"logger":"DAGScheduler"}
{"ts":"2024-12-13T16:04:46.333Z","level":"INFO","msg":"Canceling stage 0","context":{"stage_id":"0"},"logger":"TaskSchedulerImpl"}
{"ts":"2024-12-13T16:04:46.335Z","level":"INFO","msg":"Killing all running tasks in stage 0: Stage finished","context":{"reason":"Stage finished","stage_id":"0"},"logger":"TaskSchedulerImpl"}
{"ts":"2024-12-13T16:04:46.340Z","level":"INFO","msg":"Job 0 finished: csv at TestSparkSql.java:19, took 1125.8244 ms","context":{"call_site_short_form":"csv at TestSparkSql.java:19","job_id":"0","time":"1125.8244"},"logger":"DAGScheduler"}
{"ts":"2024-12-13T16:04:46.372Z","level":"INFO","msg":"Code generated in 13.1719 ms","context":{"total_time":"13.1719"},"logger":"CodeGenerator"}
{"ts":"2024-12-13T16:04:46.535Z","level":"INFO","msg":"Pushed Filters: ","context":{"pushed_filters":""},"logger":"FileSourceStrategy"}
{"ts":"2024-12-13T16:04:46.536Z","level":"INFO","msg":"Post-Scan Filters: ","context":{"post_scan_filters":""},"logger":"FileSourceStrategy"}
{"ts":"2024-12-13T16:04:46.542Z","level":"INFO","msg":"Block broadcast_2 stored as values in memory (estimated size 376.0 B, free 421.1 MiB)","context":{"block_id":"broadcast_2","free_memory_size":"421.1 MiB","memory_size":"376.0 B"},"logger":"MemoryStore"}
{"ts":"2024-12-13T16:04:46.598Z","level":"INFO","msg":"Block broadcast_2_piece0 stored as bytes in memory (estimated size 38.3 KiB, free 421.1 MiB)","context":{"block_id":"broadcast_2_piece0","memory_size":"421.1 MiB","size":"38.3 KiB"},"logger":"MemoryStore"}
{"ts":"2024-12-13T16:04:46.619Z","level":"INFO","msg":"Added broadcast_2_piece0 in memory on Admin:53524 (size: 38.3 KiB, free: 421.1 MiB)","context":{"block_id":"broadcast_2_piece0","current_memory_size":"38.3 KiB","free_memory_size":"421.1 MiB","host_port":"Admin:53524"},"logger":"BlockManagerInfo"}
{"ts":"2024-12-13T16:04:46.621Z","level":"INFO","msg":"Created broadcast 2 from csv at TestSparkSql.java:19","context":{"broadcast_id":"2","call_site_short_form":"csv at TestSparkSql.java:19"},"logger":"SparkContext"}
{"ts":"2024-12-13T16:04:46.623Z","level":"INFO","msg":"Planning scan with bin packing, max size: 48149213 bytes, open cost is considered as scanning 4194304 bytes.","context":{"max_split_bytes":"48149213","open_cost_in_bytes":"4194304"},"logger":"FileSourceScanExec"}
{"ts":"2024-12-13T16:04:46.764Z","level":"INFO","msg":"Starting job: csv at TestSparkSql.java:19","context":{"call_site_short_form":"csv at TestSparkSql.java:19"},"logger":"SparkContext"}
{"ts":"2024-12-13T16:04:46.766Z","level":"INFO","msg":"Got job 1 (csv at TestSparkSql.java:19) with 1 output partitions","context":{"call_site_short_form":"csv at TestSparkSql.java:19","job_id":"1","num_partitions":"1"},"logger":"DAGScheduler"}
{"ts":"2024-12-13T16:04:46.766Z","level":"INFO","msg":"Final stage: ResultStage 1 (csv at TestSparkSql.java:19)","context":{"stage_id":"ResultStage 1","stage_name":"csv at TestSparkSql.java:19"},"logger":"DAGScheduler"}
{"ts":"2024-12-13T16:04:46.767Z","level":"INFO","msg":"Parents of final stage: List()","context":{"stage_id":"List()"},"logger":"DAGScheduler"}
{"ts":"2024-12-13T16:04:46.770Z","level":"INFO","msg":"Missing parents: List()","context":{"missing_parent_stages":"List()"},"logger":"DAGScheduler"}
{"ts":"2024-12-13T16:04:46.800Z","level":"INFO","msg":"Submitting ResultStage 1 (MapPartitionsRDD[9] at csv at TestSparkSql.java:19), which has no missing parents","context":{"rdd_id":"MapPartitionsRDD[9] at csv at TestSparkSql.java:19","stage_id":"ResultStage 1"},"logger":"DAGScheduler"}
{"ts":"2024-12-13T16:04:46.856Z","level":"INFO","msg":"Block broadcast_3 stored as values in memory (estimated size 21.1 KiB, free 421.1 MiB)","context":{"block_id":"broadcast_3","free_memory_size":"421.1 MiB","memory_size":"21.1 KiB"},"logger":"MemoryStore"}
{"ts":"2024-12-13T16:04:46.872Z","level":"INFO","msg":"Block broadcast_3_piece0 stored as bytes in memory (estimated size 9.6 KiB, free 421.1 MiB)","context":{"block_id":"broadcast_3_piece0","memory_size":"421.1 MiB","size":"9.6 KiB"},"logger":"MemoryStore"}
{"ts":"2024-12-13T16:04:46.875Z","level":"INFO","msg":"Added broadcast_3_piece0 in memory on Admin:53524 (size: 9.6 KiB, free: 421.1 MiB)","context":{"block_id":"broadcast_3_piece0","current_memory_size":"9.6 KiB","free_memory_size":"421.1 MiB","host_port":"Admin:53524"},"logger":"BlockManagerInfo"}
{"ts":"2024-12-13T16:04:46.878Z","level":"INFO","msg":"Created broadcast 3 from broadcast at DAGScheduler.scala:1644","context":{"broadcast_id":"3","call_site_short_form":"broadcast at DAGScheduler.scala:1644"},"logger":"SparkContext"}
{"ts":"2024-12-13T16:04:46.882Z","level":"INFO","msg":"Submitting 1 missing tasks from ResultStage 1 (MapPartitionsRDD[9] at csv at TestSparkSql.java:19) (first 15 tasks are for partitions Vector(0))","context":{"num_tasks":"1","partition_ids":"Vector(0)","rdd_id":"MapPartitionsRDD[9] at csv at TestSparkSql.java:19","stage_id":"ResultStage 1"},"logger":"DAGScheduler"}
{"ts":"2024-12-13T16:04:46.883Z","level":"INFO","msg":"Adding task set 1.0 with 1 tasks resource profile 0","context":{"num_tasks":"1","resource_profile_id":"0","stage_attempt":"0","stage_id":"1"},"logger":"TaskSchedulerImpl"}
{"ts":"2024-12-13T16:04:46.887Z","level":"INFO","msg":"Starting task 0.0 in stage 1.0 (TID 1) (Admin,executor driver, partition 0, PROCESS_LOCAL, 10276 bytes) ","context":{"executor_id":"driver","host":"Admin","partition_id":"0","size":"10276","task_locality":"PROCESS_LOCAL","task_name":"task 0.0 in stage 1.0 (TID 1)"},"logger":"TaskSetManager"}
{"ts":"2024-12-13T16:04:46.900Z","level":"INFO","msg":"Running task 0.0 in stage 1.0 (TID 1)","context":{"task_name":"task 0.0 in stage 1.0 (TID 1)"},"logger":"Executor"}
{"ts":"2024-12-13T16:04:46.934Z","level":"INFO","msg":"Removed broadcast_1_piece0 on Admin:53524 in memory (size: 6.7 KiB, free: 421.1 MiB)","context":{"block_id":"broadcast_1_piece0","free_memory_size":"421.1 MiB","host_port":"Admin:53524","original_memory_size":"6.7 KiB"},"logger":"BlockManagerInfo"}
{"ts":"2024-12-13T16:04:47.029Z","level":"INFO","msg":"Code generated in 28.8609 ms","context":{"task_name":"task 0.0 in stage 1.0 (TID 1)","total_time":"28.8609"},"logger":"CodeGenerator"}
{"ts":"2024-12-13T16:04:47.035Z","level":"INFO","msg":"Reading File path: file:///D:/eclipse-workspace/sparksql_demo/src/test/java/sparksql_demo/retails.csv, range: 0-43954909, partition values: [empty row]","context":{"current_file":"path: file:///D:/eclipse-workspace/sparksql_demo/src/test/java/sparksql_demo/retails.csv, range: 0-43954909, partition values: [empty row]","task_name":"task 0.0 in stage 1.0 (TID 1)"},"logger":"FileScanRDD"}
{"ts":"2024-12-13T16:04:48.589Z","level":"INFO","msg":"Removed broadcast_0_piece0 on Admin:53524 in memory (size: 38.3 KiB, free: 421.2 MiB)","context":{"block_id":"broadcast_0_piece0","free_memory_size":"421.2 MiB","host_port":"Admin:53524","original_memory_size":"38.3 KiB"},"logger":"BlockManagerInfo"}
{"ts":"2024-12-13T16:04:50.446Z","level":"INFO","msg":"Finished task 0.0 in stage 1.0 (TID 1). 1964 bytes result sent to driver","context":{"num_bytes":"1964","task_name":"task 0.0 in stage 1.0 (TID 1)"},"logger":"Executor"}
{"ts":"2024-12-13T16:04:50.452Z","level":"INFO","msg":"Finished task 0.0 in stage 1.0 (TID 1) in 3567 ms on Admin (executor driver) (1/1)","context":{"duration":"3567","executor_id":"driver","host":"Admin","num_successful_tasks":"1","num_tasks":"1","task_name":"task 0.0 in stage 1.0 (TID 1)"},"logger":"TaskSetManager"}
{"ts":"2024-12-13T16:04:50.453Z","level":"INFO","msg":"Removed TaskSet 1.0 whose tasks have all completed, from pool ","context":{"pool_name":"","stage_attempt":"0","stage_id":"1"},"logger":"TaskSchedulerImpl"}
{"ts":"2024-12-13T16:04:50.454Z","level":"INFO","msg":"ResultStage 1 (csv at TestSparkSql.java:19) finished in 3650 ms","context":{"stage":"ResultStage 1","stage_name":"csv at TestSparkSql.java:19","time_units":"3650"},"logger":"DAGScheduler"}
{"ts":"2024-12-13T16:04:50.454Z","level":"INFO","msg":"Job 1 is finished. Cancelling potential speculative or zombie tasks for this job","context":{"job_id":"1"},"logger":"DAGScheduler"}
{"ts":"2024-12-13T16:04:50.455Z","level":"INFO","msg":"Canceling stage 1","context":{"stage_id":"1"},"logger":"TaskSchedulerImpl"}
{"ts":"2024-12-13T16:04:50.455Z","level":"INFO","msg":"Killing all running tasks in stage 1: Stage finished","context":{"reason":"Stage finished","stage_id":"1"},"logger":"TaskSchedulerImpl"}
{"ts":"2024-12-13T16:04:50.458Z","level":"INFO","msg":"Job 1 finished: csv at TestSparkSql.java:19, took 3693.0059 ms","context":{"call_site_short_form":"csv at TestSparkSql.java:19","job_id":"1","time":"3693.0059"},"logger":"DAGScheduler"}
{"ts":"2024-12-13T16:04:50.593Z","level":"INFO","msg":"Pushed Filters: ","context":{"pushed_filters":""},"logger":"FileSourceStrategy"}
{"ts":"2024-12-13T16:04:50.594Z","level":"INFO","msg":"Post-Scan Filters: ","context":{"post_scan_filters":""},"logger":"FileSourceStrategy"}
{"ts":"2024-12-13T16:04:50.733Z","level":"INFO","msg":"Code generated in 45.0581 ms","context":{"total_time":"45.0581"},"logger":"CodeGenerator"}
{"ts":"2024-12-13T16:04:50.737Z","level":"INFO","msg":"Block broadcast_4 stored as values in memory (estimated size 376.0 B, free 421.1 MiB)","context":{"block_id":"broadcast_4","free_memory_size":"421.1 MiB","memory_size":"376.0 B"},"logger":"MemoryStore"}
{"ts":"2024-12-13T16:04:50.779Z","level":"INFO","msg":"Removed broadcast_3_piece0 on Admin:53524 in memory (size: 9.6 KiB, free: 421.2 MiB)","context":{"block_id":"broadcast_3_piece0","free_memory_size":"421.2 MiB","host_port":"Admin:53524","original_memory_size":"9.6 KiB"},"logger":"BlockManagerInfo"}
{"ts":"2024-12-13T16:04:50.783Z","level":"INFO","msg":"Block broadcast_4_piece0 stored as bytes in memory (estimated size 38.3 KiB, free 421.1 MiB)","context":{"block_id":"broadcast_4_piece0","memory_size":"421.1 MiB","size":"38.3 KiB"},"logger":"MemoryStore"}
{"ts":"2024-12-13T16:04:50.794Z","level":"INFO","msg":"Added broadcast_4_piece0 in memory on Admin:53524 (size: 38.3 KiB, free: 421.1 MiB)","context":{"block_id":"broadcast_4_piece0","current_memory_size":"38.3 KiB","free_memory_size":"421.1 MiB","host_port":"Admin:53524"},"logger":"BlockManagerInfo"}
{"ts":"2024-12-13T16:04:50.796Z","level":"INFO","msg":"Created broadcast 4 from show at TestSparkSql.java:21","context":{"broadcast_id":"4","call_site_short_form":"show at TestSparkSql.java:21"},"logger":"SparkContext"}
{"ts":"2024-12-13T16:04:50.807Z","level":"INFO","msg":"Planning scan with bin packing, max size: 48149213 bytes, open cost is considered as scanning 4194304 bytes.","context":{"max_split_bytes":"48149213","open_cost_in_bytes":"4194304"},"logger":"FileSourceScanExec"}
{"ts":"2024-12-13T16:04:50.859Z","level":"INFO","msg":"Starting job: show at TestSparkSql.java:21","context":{"call_site_short_form":"show at TestSparkSql.java:21"},"logger":"SparkContext"}
{"ts":"2024-12-13T16:04:50.863Z","level":"INFO","msg":"Got job 2 (show at TestSparkSql.java:21) with 1 output partitions","context":{"call_site_short_form":"show at TestSparkSql.java:21","job_id":"2","num_partitions":"1"},"logger":"DAGScheduler"}
{"ts":"2024-12-13T16:04:50.864Z","level":"INFO","msg":"Final stage: ResultStage 2 (show at TestSparkSql.java:21)","context":{"stage_id":"ResultStage 2","stage_name":"show at TestSparkSql.java:21"},"logger":"DAGScheduler"}
{"ts":"2024-12-13T16:04:50.864Z","level":"INFO","msg":"Parents of final stage: List()","context":{"stage_id":"List()"},"logger":"DAGScheduler"}
{"ts":"2024-12-13T16:04:50.865Z","level":"INFO","msg":"Missing parents: List()","context":{"missing_parent_stages":"List()"},"logger":"DAGScheduler"}
{"ts":"2024-12-13T16:04:50.866Z","level":"INFO","msg":"Submitting ResultStage 2 (MapPartitionsRDD[13] at show at TestSparkSql.java:21), which has no missing parents","context":{"rdd_id":"MapPartitionsRDD[13] at show at TestSparkSql.java:21","stage_id":"ResultStage 2"},"logger":"DAGScheduler"}
{"ts":"2024-12-13T16:04:50.879Z","level":"INFO","msg":"Block broadcast_5 stored as values in memory (estimated size 19.0 KiB, free 421.1 MiB)","context":{"block_id":"broadcast_5","free_memory_size":"421.1 MiB","memory_size":"19.0 KiB"},"logger":"MemoryStore"}
{"ts":"2024-12-13T16:04:50.920Z","level":"INFO","msg":"Block broadcast_5_piece0 stored as bytes in memory (estimated size 8.5 KiB, free 421.1 MiB)","context":{"block_id":"broadcast_5_piece0","memory_size":"421.1 MiB","size":"8.5 KiB"},"logger":"MemoryStore"}
{"ts":"2024-12-13T16:04:50.925Z","level":"INFO","msg":"Added broadcast_5_piece0 in memory on Admin:53524 (size: 8.5 KiB, free: 421.1 MiB)","context":{"block_id":"broadcast_5_piece0","current_memory_size":"8.5 KiB","free_memory_size":"421.1 MiB","host_port":"Admin:53524"},"logger":"BlockManagerInfo"}
{"ts":"2024-12-13T16:04:50.933Z","level":"INFO","msg":"Created broadcast 5 from broadcast at DAGScheduler.scala:1644","context":{"broadcast_id":"5","call_site_short_form":"broadcast at DAGScheduler.scala:1644"},"logger":"SparkContext"}
{"ts":"2024-12-13T16:04:50.937Z","level":"INFO","msg":"Submitting 1 missing tasks from ResultStage 2 (MapPartitionsRDD[13] at show at TestSparkSql.java:21) (first 15 tasks are for partitions Vector(0))","context":{"num_tasks":"1","partition_ids":"Vector(0)","rdd_id":"MapPartitionsRDD[13] at show at TestSparkSql.java:21","stage_id":"ResultStage 2"},"logger":"DAGScheduler"}
{"ts":"2024-12-13T16:04:50.937Z","level":"INFO","msg":"Adding task set 2.0 with 1 tasks resource profile 0","context":{"num_tasks":"1","resource_profile_id":"0","stage_attempt":"0","stage_id":"2"},"logger":"TaskSchedulerImpl"}
{"ts":"2024-12-13T16:04:50.945Z","level":"INFO","msg":"Starting task 0.0 in stage 2.0 (TID 2) (Admin,executor driver, partition 0, PROCESS_LOCAL, 10276 bytes) ","context":{"executor_id":"driver","host":"Admin","partition_id":"0","size":"10276","task_locality":"PROCESS_LOCAL","task_name":"task 0.0 in stage 2.0 (TID 2)"},"logger":"TaskSetManager"}
{"ts":"2024-12-13T16:04:50.947Z","level":"INFO","msg":"Running task 0.0 in stage 2.0 (TID 2)","context":{"task_name":"task 0.0 in stage 2.0 (TID 2)"},"logger":"Executor"}
{"ts":"2024-12-13T16:04:51.106Z","level":"INFO","msg":"Removed broadcast_2_piece0 on Admin:53524 in memory (size: 38.3 KiB, free: 421.2 MiB)","context":{"block_id":"broadcast_2_piece0","free_memory_size":"421.2 MiB","host_port":"Admin:53524","original_memory_size":"38.3 KiB"},"logger":"BlockManagerInfo"}
{"ts":"2024-12-13T16:04:51.155Z","level":"INFO","msg":"Code generated in 171.2865 ms","context":{"task_name":"task 0.0 in stage 2.0 (TID 2)","total_time":"171.2865"},"logger":"CodeGenerator"}
{"ts":"2024-12-13T16:04:51.160Z","level":"INFO","msg":"Reading File path: file:///D:/eclipse-workspace/sparksql_demo/src/test/java/sparksql_demo/retails.csv, range: 0-43954909, partition values: [empty row]","context":{"current_file":"path: file:///D:/eclipse-workspace/sparksql_demo/src/test/java/sparksql_demo/retails.csv, range: 0-43954909, partition values: [empty row]","task_name":"task 0.0 in stage 2.0 (TID 2)"},"logger":"FileScanRDD"}
{"ts":"2024-12-13T16:04:51.324Z","level":"INFO","msg":"Code generated in 103.4834 ms","context":{"task_name":"task 0.0 in stage 2.0 (TID 2)","total_time":"103.4834"},"logger":"CodeGenerator"}
{"ts":"2024-12-13T16:04:51.401Z","level":"INFO","msg":"Finished task 0.0 in stage 2.0 (TID 2). 2954 bytes result sent to driver","context":{"num_bytes":"2954","task_name":"task 0.0 in stage 2.0 (TID 2)"},"logger":"Executor"}
{"ts":"2024-12-13T16:04:51.404Z","level":"INFO","msg":"Finished task 0.0 in stage 2.0 (TID 2) in 461 ms on Admin (executor driver) (1/1)","context":{"duration":"461","executor_id":"driver","host":"Admin","num_successful_tasks":"1","num_tasks":"1","task_name":"task 0.0 in stage 2.0 (TID 2)"},"logger":"TaskSetManager"}
{"ts":"2024-12-13T16:04:51.405Z","level":"INFO","msg":"Removed TaskSet 2.0 whose tasks have all completed, from pool ","context":{"pool_name":"","stage_attempt":"0","stage_id":"2"},"logger":"TaskSchedulerImpl"}
{"ts":"2024-12-13T16:04:51.405Z","level":"INFO","msg":"ResultStage 2 (show at TestSparkSql.java:21) finished in 538 ms","context":{"stage":"ResultStage 2","stage_name":"show at TestSparkSql.java:21","time_units":"538"},"logger":"DAGScheduler"}
{"ts":"2024-12-13T16:04:51.406Z","level":"INFO","msg":"Job 2 is finished. Cancelling potential speculative or zombie tasks for this job","context":{"job_id":"2"},"logger":"DAGScheduler"}
{"ts":"2024-12-13T16:04:51.407Z","level":"INFO","msg":"Canceling stage 2","context":{"stage_id":"2"},"logger":"TaskSchedulerImpl"}
{"ts":"2024-12-13T16:04:51.407Z","level":"INFO","msg":"Killing all running tasks in stage 2: Stage finished","context":{"reason":"Stage finished","stage_id":"2"},"logger":"TaskSchedulerImpl"}
{"ts":"2024-12-13T16:04:51.408Z","level":"INFO","msg":"Job 2 finished: show at TestSparkSql.java:21, took 545.3224 ms","context":{"call_site_short_form":"show at TestSparkSql.java:21","job_id":"2","time":"545.3224"},"logger":"DAGScheduler"}
{"ts":"2024-12-13T16:04:51.489Z","level":"INFO","msg":"Code generated in 48.4271 ms","context":{"total_time":"48.4271"},"logger":"CodeGenerator"}
{"ts":"2024-12-13T16:04:51.781Z","level":"INFO","msg":"Pushed Filters: ","context":{"pushed_filters":""},"logger":"FileSourceStrategy"}
{"ts":"2024-12-13T16:04:51.781Z","level":"INFO","msg":"Post-Scan Filters: ","context":{"post_scan_filters":""},"logger":"FileSourceStrategy"}
{"ts":"2024-12-13T16:04:52.030Z","level":"INFO","msg":"Code generated in 25.5626 ms","context":{"total_time":"25.5626"},"logger":"CodeGenerator"}
{"ts":"2024-12-13T16:04:52.033Z","level":"INFO","msg":"Block broadcast_6 stored as values in memory (estimated size 376.0 B, free 421.1 MiB)","context":{"block_id":"broadcast_6","free_memory_size":"421.1 MiB","memory_size":"376.0 B"},"logger":"MemoryStore"}
{"ts":"2024-12-13T16:04:52.060Z","level":"INFO","msg":"Block broadcast_6_piece0 stored as bytes in memory (estimated size 38.3 KiB, free 421.1 MiB)","context":{"block_id":"broadcast_6_piece0","memory_size":"421.1 MiB","size":"38.3 KiB"},"logger":"MemoryStore"}
{"ts":"2024-12-13T16:04:52.061Z","level":"INFO","msg":"Added broadcast_6_piece0 in memory on Admin:53524 (size: 38.3 KiB, free: 421.1 MiB)","context":{"block_id":"broadcast_6_piece0","current_memory_size":"38.3 KiB","free_memory_size":"421.1 MiB","host_port":"Admin:53524"},"logger":"BlockManagerInfo"}
{"ts":"2024-12-13T16:04:52.063Z","level":"INFO","msg":"Created broadcast 6 from $anonfun$withThreadLocalCaptured$1 at FutureTask.java:317","context":{"broadcast_id":"6","call_site_short_form":"$anonfun$withThreadLocalCaptured$1 at FutureTask.java:317"},"logger":"SparkContext"}
{"ts":"2024-12-13T16:04:52.065Z","level":"INFO","msg":"Planning scan with bin packing, max size: 48149213 bytes, open cost is considered as scanning 4194304 bytes.","context":{"max_split_bytes":"48149213","open_cost_in_bytes":"4194304"},"logger":"FileSourceScanExec"}
{"ts":"2024-12-13T16:04:52.701Z","level":"INFO","msg":"Registering RDD 17 ($anonfun$withThreadLocalCaptured$1 at FutureTask.java:317) as input to shuffle 0","context":{"creation_site":"$anonfun$withThreadLocalCaptured$1 at FutureTask.java:317","rdd_id":"17","shuffle_id":"0"},"logger":"DAGScheduler"}
{"ts":"2024-12-13T16:04:53.042Z","level":"INFO","msg":"Got map stage job 3 ($anonfun$withThreadLocalCaptured$1 at FutureTask.java:317) with 1 output partitions","context":{"call_site_short_form":"$anonfun$withThreadLocalCaptured$1 at FutureTask.java:317","job_id":"3","num_partitions":"1"},"logger":"DAGScheduler"}
{"ts":"2024-12-13T16:04:53.044Z","level":"INFO","msg":"Final stage: ShuffleMapStage 3 ($anonfun$withThreadLocalCaptured$1 at FutureTask.java:317)","context":{"stage_id":"ShuffleMapStage 3","stage_name":"$anonfun$withThreadLocalCaptured$1 at FutureTask.java:317"},"logger":"DAGScheduler"}
{"ts":"2024-12-13T16:04:53.047Z","level":"INFO","msg":"Parents of final stage: List()","context":{"parent_stages":"List()"},"logger":"DAGScheduler"}
{"ts":"2024-12-13T16:04:53.048Z","level":"INFO","msg":"Missing parents: List()","context":{"missing_parent_stages":"List()"},"logger":"DAGScheduler"}
{"ts":"2024-12-13T16:04:53.051Z","level":"INFO","msg":"Submitting ShuffleMapStage 3 (MapPartitionsRDD[17] at $anonfun$withThreadLocalCaptured$1 at FutureTask.java:317), which has no missing parents","context":{"rdd_id":"MapPartitionsRDD[17] at $anonfun$withThreadLocalCaptured$1 at FutureTask.java:317","stage_id":"ShuffleMapStage 3"},"logger":"DAGScheduler"}
{"ts":"2024-12-13T16:04:53.206Z","level":"INFO","msg":"Block broadcast_7 stored as values in memory (estimated size 19.6 KiB, free 421.1 MiB)","context":{"block_id":"broadcast_7","free_memory_size":"421.1 MiB","memory_size":"19.6 KiB"},"logger":"MemoryStore"}
{"ts":"2024-12-13T16:04:53.253Z","level":"INFO","msg":"Block broadcast_7_piece0 stored as bytes in memory (estimated size 9.5 KiB, free 421.1 MiB)","context":{"block_id":"broadcast_7_piece0","memory_size":"421.1 MiB","size":"9.5 KiB"},"logger":"MemoryStore"}
{"ts":"2024-12-13T16:04:53.308Z","level":"INFO","msg":"Added broadcast_7_piece0 in memory on Admin:53524 (size: 9.5 KiB, free: 421.1 MiB)","context":{"block_id":"broadcast_7_piece0","current_memory_size":"9.5 KiB","free_memory_size":"421.1 MiB","host_port":"Admin:53524"},"logger":"BlockManagerInfo"}
{"ts":"2024-12-13T16:04:53.312Z","level":"INFO","msg":"Created broadcast 7 from broadcast at DAGScheduler.scala:1644","context":{"broadcast_id":"7","call_site_short_form":"broadcast at DAGScheduler.scala:1644"},"logger":"SparkContext"}
{"ts":"2024-12-13T16:04:53.316Z","level":"INFO","msg":"Submitting 1 missing tasks from ShuffleMapStage 3 (MapPartitionsRDD[17] at $anonfun$withThreadLocalCaptured$1 at FutureTask.java:317) (first 15 tasks are for partitions Vector(0))","context":{"num_tasks":"1","partition_ids":"Vector(0)","rdd_id":"MapPartitionsRDD[17] at $anonfun$withThreadLocalCaptured$1 at FutureTask.java:317","stage_id":"ShuffleMapStage 3"},"logger":"DAGScheduler"}
{"ts":"2024-12-13T16:04:53.317Z","level":"INFO","msg":"Adding task set 3.0 with 1 tasks resource profile 0","context":{"num_tasks":"1","resource_profile_id":"0","stage_attempt":"0","stage_id":"3"},"logger":"TaskSchedulerImpl"}
{"ts":"2024-12-13T16:04:53.322Z","level":"INFO","msg":"Starting task 0.0 in stage 3.0 (TID 3) (Admin,executor driver, partition 0, PROCESS_LOCAL, 10265 bytes) ","context":{"executor_id":"driver","host":"Admin","partition_id":"0","size":"10265","task_locality":"PROCESS_LOCAL","task_name":"task 0.0 in stage 3.0 (TID 3)"},"logger":"TaskSetManager"}
{"ts":"2024-12-13T16:04:53.377Z","level":"INFO","msg":"Running task 0.0 in stage 3.0 (TID 3)","context":{"task_name":"task 0.0 in stage 3.0 (TID 3)"},"logger":"Executor"}
{"ts":"2024-12-13T16:04:53.513Z","level":"INFO","msg":"Code generated in 70.1512 ms","context":{"task_name":"task 0.0 in stage 3.0 (TID 3)","total_time":"70.1512"},"logger":"CodeGenerator"}
{"ts":"2024-12-13T16:04:53.592Z","level":"INFO","msg":"Changing view acls to: Administrator","context":{"task_name":"task 0.0 in stage 3.0 (TID 3)","view_acls":"Administrator"},"logger":"SecurityManager"}
{"ts":"2024-12-13T16:04:53.595Z","level":"INFO","msg":"Changing modify acls to: Administrator","context":{"modify_acls":"Administrator","task_name":"task 0.0 in stage 3.0 (TID 3)"},"logger":"SecurityManager"}
{"ts":"2024-12-13T16:04:53.596Z","level":"INFO","msg":"Changing view acls groups to: Administrator","context":{"task_name":"task 0.0 in stage 3.0 (TID 3)","view_acls":"Administrator"},"logger":"SecurityManager"}
{"ts":"2024-12-13T16:04:53.596Z","level":"INFO","msg":"Changing modify acls groups to: Administrator","context":{"modify_acls":"Administrator","task_name":"task 0.0 in stage 3.0 (TID 3)"},"logger":"SecurityManager"}
{"ts":"2024-12-13T16:04:53.597Z","level":"INFO","msg":"SecurityManager: authentication disabled; ui acls disabled; users with view permissions: Administrator groups with view permissions: EMPTY; users with modify permissions: Administrator; groups with modify permissions: EMPTY; RPC SSL disabled","context":{"auth_enabled":"disabled","modify_acls":"Administrator","modify_acls_groups":"EMPTY","rpc_ssl_enabled":"disabled","task_name":"task 0.0 in stage 3.0 (TID 3)","ui_acls":"disabled","view_acls":"Administrator","view_acls_groups":"EMPTY"},"logger":"SecurityManager"}
{"ts":"2024-12-13T16:04:53.687Z","level":"INFO","msg":"Reading File path: file:///D:/eclipse-workspace/sparksql_demo/src/test/java/sparksql_demo/retails.csv, range: 0-43954909, partition values: [empty row]","context":{"current_file":"path: file:///D:/eclipse-workspace/sparksql_demo/src/test/java/sparksql_demo/retails.csv, range: 0-43954909, partition values: [empty row]","task_name":"task 0.0 in stage 3.0 (TID 3)"},"logger":"FileScanRDD"}
{"ts":"2024-12-13T16:04:53.736Z","level":"INFO","msg":"Code generated in 40.9923 ms","context":{"task_name":"task 0.0 in stage 3.0 (TID 3)","total_time":"40.9923"},"logger":"CodeGenerator"}
{"ts":"2024-12-13T16:04:54.610Z","level":"INFO","msg":"Removed broadcast_5_piece0 on Admin:53524 in memory (size: 8.5 KiB, free: 421.1 MiB)","context":{"block_id":"broadcast_5_piece0","free_memory_size":"421.1 MiB","host_port":"Admin:53524","original_memory_size":"8.5 KiB"},"logger":"BlockManagerInfo"}
{"ts":"2024-12-13T16:04:54.622Z","level":"INFO","msg":"Removed broadcast_4_piece0 on Admin:53524 in memory (size: 38.3 KiB, free: 421.2 MiB)","context":{"block_id":"broadcast_4_piece0","free_memory_size":"421.2 MiB","host_port":"Admin:53524","original_memory_size":"38.3 KiB"},"logger":"BlockManagerInfo"}
{"ts":"2024-12-13T16:04:54.759Z","level":"INFO","msg":"Finished task 0.0 in stage 3.0 (TID 3). 2035 bytes result sent to driver","context":{"num_bytes":"2035","task_name":"task 0.0 in stage 3.0 (TID 3)"},"logger":"Executor"}
{"ts":"2024-12-13T16:04:54.764Z","level":"INFO","msg":"Finished task 0.0 in stage 3.0 (TID 3) in 1443 ms on Admin (executor driver) (1/1)","context":{"duration":"1443","executor_id":"driver","host":"Admin","num_successful_tasks":"1","num_tasks":"1","task_name":"task 0.0 in stage 3.0 (TID 3)"},"logger":"TaskSetManager"}
{"ts":"2024-12-13T16:04:54.766Z","level":"INFO","msg":"Removed TaskSet 3.0 whose tasks have all completed, from pool ","context":{"pool_name":"","stage_attempt":"0","stage_id":"3"},"logger":"TaskSchedulerImpl"}
{"ts":"2024-12-13T16:04:54.769Z","level":"INFO","msg":"ShuffleMapStage 3 ($anonfun$withThreadLocalCaptured$1 at FutureTask.java:317) finished in 1712 ms","context":{"stage":"ShuffleMapStage 3","stage_name":"$anonfun$withThreadLocalCaptured$1 at FutureTask.java:317","time_units":"1712"},"logger":"DAGScheduler"}
{"ts":"2024-12-13T16:04:54.770Z","level":"INFO","msg":"looking for newly runnable stages","logger":"DAGScheduler"}
{"ts":"2024-12-13T16:04:54.773Z","level":"INFO","msg":"running: HashSet()","context":{"stages":"HashSet()"},"logger":"DAGScheduler"}
{"ts":"2024-12-13T16:04:54.774Z","level":"INFO","msg":"waiting: HashSet()","context":{"stages":"HashSet()"},"logger":"DAGScheduler"}
{"ts":"2024-12-13T16:04:54.775Z","level":"INFO","msg":"failed: HashSet()","context":{"stages":"HashSet()"},"logger":"DAGScheduler"}
{"ts":"2024-12-13T16:04:54.976Z","level":"INFO","msg":"Code generated in 22.8201 ms","context":{"total_time":"22.8201"},"logger":"CodeGenerator"}
{"ts":"2024-12-13T16:04:55.156Z","level":"INFO","msg":"Starting job: count at TestSparkSql.java:23","context":{"call_site_short_form":"count at TestSparkSql.java:23"},"logger":"SparkContext"}
{"ts":"2024-12-13T16:04:55.160Z","level":"INFO","msg":"Got job 4 (count at TestSparkSql.java:23) with 1 output partitions","context":{"call_site_short_form":"count at TestSparkSql.java:23","job_id":"4","num_partitions":"1"},"logger":"DAGScheduler"}
{"ts":"2024-12-13T16:04:55.161Z","level":"INFO","msg":"Final stage: ResultStage 5 (count at TestSparkSql.java:23)","context":{"stage_id":"ResultStage 5","stage_name":"count at TestSparkSql.java:23"},"logger":"DAGScheduler"}
{"ts":"2024-12-13T16:04:55.161Z","level":"INFO","msg":"Parents of final stage: List(ShuffleMapStage 4)","context":{"stage_id":"List(ShuffleMapStage 4)"},"logger":"DAGScheduler"}
{"ts":"2024-12-13T16:04:55.162Z","level":"INFO","msg":"Missing parents: List()","context":{"missing_parent_stages":"List()"},"logger":"DAGScheduler"}
{"ts":"2024-12-13T16:04:55.163Z","level":"INFO","msg":"Submitting ResultStage 5 (MapPartitionsRDD[20] at count at TestSparkSql.java:23), which has no missing parents","context":{"rdd_id":"MapPartitionsRDD[20] at count at TestSparkSql.java:23","stage_id":"ResultStage 5"},"logger":"DAGScheduler"}
{"ts":"2024-12-13T16:04:55.232Z","level":"INFO","msg":"Block broadcast_8 stored as values in memory (estimated size 13.5 KiB, free 421.1 MiB)","context":{"block_id":"broadcast_8","free_memory_size":"421.1 MiB","memory_size":"13.5 KiB"},"logger":"MemoryStore"}
{"ts":"2024-12-13T16:04:55.244Z","level":"INFO","msg":"Block broadcast_8_piece0 stored as bytes in memory (estimated size 6.5 KiB, free 421.1 MiB)","context":{"block_id":"broadcast_8_piece0","memory_size":"421.1 MiB","size":"6.5 KiB"},"logger":"MemoryStore"}
{"ts":"2024-12-13T16:04:55.291Z","level":"INFO","msg":"Added broadcast_8_piece0 in memory on Admin:53524 (size: 6.5 KiB, free: 421.1 MiB)","context":{"block_id":"broadcast_8_piece0","current_memory_size":"6.5 KiB","free_memory_size":"421.1 MiB","host_port":"Admin:53524"},"logger":"BlockManagerInfo"}
{"ts":"2024-12-13T16:04:55.298Z","level":"INFO","msg":"Created broadcast 8 from broadcast at DAGScheduler.scala:1644","context":{"broadcast_id":"8","call_site_short_form":"broadcast at DAGScheduler.scala:1644"},"logger":"SparkContext"}
{"ts":"2024-12-13T16:04:55.302Z","level":"INFO","msg":"Submitting 1 missing tasks from ResultStage 5 (MapPartitionsRDD[20] at count at TestSparkSql.java:23) (first 15 tasks are for partitions Vector(0))","context":{"num_tasks":"1","partition_ids":"Vector(0)","rdd_id":"MapPartitionsRDD[20] at count at TestSparkSql.java:23","stage_id":"ResultStage 5"},"logger":"DAGScheduler"}
{"ts":"2024-12-13T16:04:55.304Z","level":"INFO","msg":"Adding task set 5.0 with 1 tasks resource profile 0","context":{"num_tasks":"1","resource_profile_id":"0","stage_attempt":"0","stage_id":"5"},"logger":"TaskSchedulerImpl"}
{"ts":"2024-12-13T16:04:55.363Z","level":"INFO","msg":"Starting task 0.0 in stage 5.0 (TID 4) (Admin,executor driver, partition 0, NODE_LOCAL, 9631 bytes) ","context":{"executor_id":"driver","host":"Admin","partition_id":"0","size":"9631","task_locality":"NODE_LOCAL","task_name":"task 0.0 in stage 5.0 (TID 4)"},"logger":"TaskSetManager"}
{"ts":"2024-12-13T16:04:55.364Z","level":"INFO","msg":"Running task 0.0 in stage 5.0 (TID 4)","context":{"task_name":"task 0.0 in stage 5.0 (TID 4)"},"logger":"Executor"}
{"ts":"2024-12-13T16:04:55.433Z","level":"INFO","msg":"Getting 1 (60.0 B) non-empty blocks including 1 (60.0 B) local and 0 (0.0 B) host-local and 0 (0.0 B) push-merged-local and 0 (0.0 B) remote blocks","context":{"host_local_blocks_size":"0.0 B","local_blocks_size":"60.0 B","num_blocks":"1","num_host_local_blocks":"0","num_local_blocks":"1","num_push_merged_local_blocks":"0","num_remote_blocks":"0","push_merged_local_blocks_size":"0.0 B","remote_blocks_size":"0.0 B","task_name":"task 0.0 in stage 5.0 (TID 4)","total_size":"60.0 B"},"logger":"ShuffleBlockFetcherIterator"}
{"ts":"2024-12-13T16:04:55.437Z","level":"INFO","msg":"Started 0 remote fetches in 30 ms","context":{"count":"0","duration":"30 ms","task_name":"task 0.0 in stage 5.0 (TID 4)"},"logger":"ShuffleBlockFetcherIterator"}
{"ts":"2024-12-13T16:04:55.463Z","level":"INFO","msg":"Code generated in 17.1889 ms","context":{"task_name":"task 0.0 in stage 5.0 (TID 4)","total_time":"17.1889"},"logger":"CodeGenerator"}
{"ts":"2024-12-13T16:04:55.539Z","level":"INFO","msg":"Finished task 0.0 in stage 5.0 (TID 4). 3895 bytes result sent to driver","context":{"num_bytes":"3895","task_name":"task 0.0 in stage 5.0 (TID 4)"},"logger":"Executor"}
{"ts":"2024-12-13T16:04:55.545Z","level":"INFO","msg":"Finished task 0.0 in stage 5.0 (TID 4) in 185 ms on Admin (executor driver) (1/1)","context":{"duration":"185","executor_id":"driver","host":"Admin","num_successful_tasks":"1","num_tasks":"1","task_name":"task 0.0 in stage 5.0 (TID 4)"},"logger":"TaskSetManager"}
{"ts":"2024-12-13T16:04:55.545Z","level":"INFO","msg":"Removed TaskSet 5.0 whose tasks have all completed, from pool ","context":{"pool_name":"","stage_attempt":"0","stage_id":"5"},"logger":"TaskSchedulerImpl"}
{"ts":"2024-12-13T16:04:55.547Z","level":"INFO","msg":"ResultStage 5 (count at TestSparkSql.java:23) finished in 318 ms","context":{"stage":"ResultStage 5","stage_name":"count at TestSparkSql.java:23","time_units":"318"},"logger":"DAGScheduler"}
{"ts":"2024-12-13T16:04:55.547Z","level":"INFO","msg":"Job 4 is finished. Cancelling potential speculative or zombie tasks for this job","context":{"job_id":"4"},"logger":"DAGScheduler"}
{"ts":"2024-12-13T16:04:55.548Z","level":"INFO","msg":"Canceling stage 5","context":{"stage_id":"5"},"logger":"TaskSchedulerImpl"}
{"ts":"2024-12-13T16:04:55.548Z","level":"INFO","msg":"Killing all running tasks in stage 5: Stage finished","context":{"reason":"Stage finished","stage_id":"5"},"logger":"TaskSchedulerImpl"}
{"ts":"2024-12-13T16:04:55.549Z","level":"INFO","msg":"Job 4 finished: count at TestSparkSql.java:23, took 391.7976 ms","context":{"call_site_short_form":"count at TestSparkSql.java:23","job_id":"4","time":"391.7976"},"logger":"DAGScheduler"}
{"ts":"2024-12-13T16:04:55.669Z","level":"INFO","msg":"Pushed Filters: IsNull(CustomerID)","context":{"pushed_filters":"IsNull(CustomerID)"},"logger":"FileSourceStrategy"}
{"ts":"2024-12-13T16:04:55.670Z","level":"INFO","msg":"Post-Scan Filters: isnull(CustomerID#23)","context":{"post_scan_filters":"isnull(CustomerID#23)"},"logger":"FileSourceStrategy"}
{"ts":"2024-12-13T16:04:55.753Z","level":"INFO","msg":"Code generated in 34.5484 ms","context":{"total_time":"34.5484"},"logger":"CodeGenerator"}
{"ts":"2024-12-13T16:04:55.758Z","level":"INFO","msg":"Block broadcast_9 stored as values in memory (estimated size 376.0 B, free 421.1 MiB)","context":{"block_id":"broadcast_9","free_memory_size":"421.1 MiB","memory_size":"376.0 B"},"logger":"MemoryStore"}
{"ts":"2024-12-13T16:04:55.937Z","level":"INFO","msg":"Block broadcast_9_piece0 stored as bytes in memory (estimated size 38.3 KiB, free 421.1 MiB)","context":{"block_id":"broadcast_9_piece0","memory_size":"421.1 MiB","size":"38.3 KiB"},"logger":"MemoryStore"}
{"ts":"2024-12-13T16:04:55.954Z","level":"INFO","msg":"Added broadcast_9_piece0 in memory on Admin:53524 (size: 38.3 KiB, free: 421.1 MiB)","context":{"block_id":"broadcast_9_piece0","current_memory_size":"38.3 KiB","free_memory_size":"421.1 MiB","host_port":"Admin:53524"},"logger":"BlockManagerInfo"}
{"ts":"2024-12-13T16:04:55.956Z","level":"INFO","msg":"Created broadcast 9 from $anonfun$withThreadLocalCaptured$1 at FutureTask.java:317","context":{"broadcast_id":"9","call_site_short_form":"$anonfun$withThreadLocalCaptured$1 at FutureTask.java:317"},"logger":"SparkContext"}
{"ts":"2024-12-13T16:04:55.964Z","level":"INFO","msg":"Planning scan with bin packing, max size: 48149213 bytes, open cost is considered as scanning 4194304 bytes.","context":{"max_split_bytes":"48149213","open_cost_in_bytes":"4194304"},"logger":"FileSourceScanExec"}
{"ts":"2024-12-13T16:04:55.985Z","level":"INFO","msg":"Registering RDD 24 ($anonfun$withThreadLocalCaptured$1 at FutureTask.java:317) as input to shuffle 1","context":{"creation_site":"$anonfun$withThreadLocalCaptured$1 at FutureTask.java:317","rdd_id":"24","shuffle_id":"1"},"logger":"DAGScheduler"}
{"ts":"2024-12-13T16:04:55.985Z","level":"INFO","msg":"Got map stage job 5 ($anonfun$withThreadLocalCaptured$1 at FutureTask.java:317) with 1 output partitions","context":{"call_site_short_form":"$anonfun$withThreadLocalCaptured$1 at FutureTask.java:317","job_id":"5","num_partitions":"1"},"logger":"DAGScheduler"}
{"ts":"2024-12-13T16:04:55.986Z","level":"INFO","msg":"Final stage: ShuffleMapStage 6 ($anonfun$withThreadLocalCaptured$1 at FutureTask.java:317)","context":{"stage_id":"ShuffleMapStage 6","stage_name":"$anonfun$withThreadLocalCaptured$1 at FutureTask.java:317"},"logger":"DAGScheduler"}
{"ts":"2024-12-13T16:04:55.987Z","level":"INFO","msg":"Parents of final stage: List()","context":{"parent_stages":"List()"},"logger":"DAGScheduler"}
{"ts":"2024-12-13T16:04:55.987Z","level":"INFO","msg":"Missing parents: List()","context":{"missing_parent_stages":"List()"},"logger":"DAGScheduler"}
{"ts":"2024-12-13T16:04:55.988Z","level":"INFO","msg":"Submitting ShuffleMapStage 6 (MapPartitionsRDD[24] at $anonfun$withThreadLocalCaptured$1 at FutureTask.java:317), which has no missing parents","context":{"rdd_id":"MapPartitionsRDD[24] at $anonfun$withThreadLocalCaptured$1 at FutureTask.java:317","stage_id":"ShuffleMapStage 6"},"logger":"DAGScheduler"}
{"ts":"2024-12-13T16:04:55.996Z","level":"INFO","msg":"Block broadcast_10 stored as values in memory (estimated size 20.2 KiB, free 421.1 MiB)","context":{"block_id":"broadcast_10","free_memory_size":"421.1 MiB","memory_size":"20.2 KiB"},"logger":"MemoryStore"}
{"ts":"2024-12-13T16:04:56.019Z","level":"INFO","msg":"Block broadcast_10_piece0 stored as bytes in memory (estimated size 9.8 KiB, free 421.0 MiB)","context":{"block_id":"broadcast_10_piece0","memory_size":"421.0 MiB","size":"9.8 KiB"},"logger":"MemoryStore"}
{"ts":"2024-12-13T16:04:56.021Z","level":"INFO","msg":"Added broadcast_10_piece0 in memory on Admin:53524 (size: 9.8 KiB, free: 421.1 MiB)","context":{"block_id":"broadcast_10_piece0","current_memory_size":"9.8 KiB","free_memory_size":"421.1 MiB","host_port":"Admin:53524"},"logger":"BlockManagerInfo"}
{"ts":"2024-12-13T16:04:56.023Z","level":"INFO","msg":"Created broadcast 10 from broadcast at DAGScheduler.scala:1644","context":{"broadcast_id":"10","call_site_short_form":"broadcast at DAGScheduler.scala:1644"},"logger":"SparkContext"}
{"ts":"2024-12-13T16:04:56.024Z","level":"INFO","msg":"Submitting 1 missing tasks from ShuffleMapStage 6 (MapPartitionsRDD[24] at $anonfun$withThreadLocalCaptured$1 at FutureTask.java:317) (first 15 tasks are for partitions Vector(0))","context":{"num_tasks":"1","partition_ids":"Vector(0)","rdd_id":"MapPartitionsRDD[24] at $anonfun$withThreadLocalCaptured$1 at FutureTask.java:317","stage_id":"ShuffleMapStage 6"},"logger":"DAGScheduler"}
{"ts":"2024-12-13T16:04:56.025Z","level":"INFO","msg":"Adding task set 6.0 with 1 tasks resource profile 0","context":{"num_tasks":"1","resource_profile_id":"0","stage_attempt":"0","stage_id":"6"},"logger":"TaskSchedulerImpl"}
{"ts":"2024-12-13T16:04:56.029Z","level":"INFO","msg":"Starting task 0.0 in stage 6.0 (TID 5) (Admin,executor driver, partition 0, PROCESS_LOCAL, 10265 bytes) ","context":{"executor_id":"driver","host":"Admin","partition_id":"0","size":"10265","task_locality":"PROCESS_LOCAL","task_name":"task 0.0 in stage 6.0 (TID 5)"},"logger":"TaskSetManager"}
{"ts":"2024-12-13T16:04:56.030Z","level":"INFO","msg":"Running task 0.0 in stage 6.0 (TID 5)","context":{"task_name":"task 0.0 in stage 6.0 (TID 5)"},"logger":"Executor"}
{"ts":"2024-12-13T16:04:56.065Z","level":"INFO","msg":"Code generated in 24.9481 ms","context":{"task_name":"task 0.0 in stage 6.0 (TID 5)","total_time":"24.9481"},"logger":"CodeGenerator"}
{"ts":"2024-12-13T16:04:56.077Z","level":"INFO","msg":"Reading File path: file:///D:/eclipse-workspace/sparksql_demo/src/test/java/sparksql_demo/retails.csv, range: 0-43954909, partition values: [empty row]","context":{"current_file":"path: file:///D:/eclipse-workspace/sparksql_demo/src/test/java/sparksql_demo/retails.csv, range: 0-43954909, partition values: [empty row]","task_name":"task 0.0 in stage 6.0 (TID 5)"},"logger":"FileScanRDD"}
{"ts":"2024-12-13T16:04:56.102Z","level":"INFO","msg":"Code generated in 15.2956 ms","context":{"task_name":"task 0.0 in stage 6.0 (TID 5)","total_time":"15.2956"},"logger":"CodeGenerator"}
{"ts":"2024-12-13T16:04:56.158Z","level":"INFO","msg":"Code generated in 8.7844 ms","context":{"task_name":"task 0.0 in stage 6.0 (TID 5)","total_time":"8.7844"},"logger":"CodeGenerator"}
{"ts":"2024-12-13T16:04:56.913Z","level":"INFO","msg":"Removed broadcast_8_piece0 on Admin:53524 in memory (size: 6.5 KiB, free: 421.1 MiB)","context":{"block_id":"broadcast_8_piece0","free_memory_size":"421.1 MiB","host_port":"Admin:53524","original_memory_size":"6.5 KiB"},"logger":"BlockManagerInfo"}
{"ts":"2024-12-13T16:04:56.930Z","level":"INFO","msg":"Removed broadcast_6_piece0 on Admin:53524 in memory (size: 38.3 KiB, free: 421.1 MiB)","context":{"block_id":"broadcast_6_piece0","free_memory_size":"421.1 MiB","host_port":"Admin:53524","original_memory_size":"38.3 KiB"},"logger":"BlockManagerInfo"}
{"ts":"2024-12-13T16:04:56.938Z","level":"INFO","msg":"Removed broadcast_7_piece0 on Admin:53524 in memory (size: 9.5 KiB, free: 421.2 MiB)","context":{"block_id":"broadcast_7_piece0","free_memory_size":"421.2 MiB","host_port":"Admin:53524","original_memory_size":"9.5 KiB"},"logger":"BlockManagerInfo"}
{"ts":"2024-12-13T16:04:57.839Z","level":"INFO","msg":"Finished task 0.0 in stage 6.0 (TID 5). 2040 bytes result sent to driver","context":{"num_bytes":"2040","task_name":"task 0.0 in stage 6.0 (TID 5)"},"logger":"Executor"}
{"ts":"2024-12-13T16:04:57.842Z","level":"INFO","msg":"Finished task 0.0 in stage 6.0 (TID 5) in 1814 ms on Admin (executor driver) (1/1)","context":{"duration":"1814","executor_id":"driver","host":"Admin","num_successful_tasks":"1","num_tasks":"1","task_name":"task 0.0 in stage 6.0 (TID 5)"},"logger":"TaskSetManager"}
{"ts":"2024-12-13T16:04:57.843Z","level":"INFO","msg":"Removed TaskSet 6.0 whose tasks have all completed, from pool ","context":{"pool_name":"","stage_attempt":"0","stage_id":"6"},"logger":"TaskSchedulerImpl"}
{"ts":"2024-12-13T16:04:57.844Z","level":"INFO","msg":"ShuffleMapStage 6 ($anonfun$withThreadLocalCaptured$1 at FutureTask.java:317) finished in 1854 ms","context":{"stage":"ShuffleMapStage 6","stage_name":"$anonfun$withThreadLocalCaptured$1 at FutureTask.java:317","time_units":"1854"},"logger":"DAGScheduler"}
{"ts":"2024-12-13T16:04:57.845Z","level":"INFO","msg":"looking for newly runnable stages","logger":"DAGScheduler"}
{"ts":"2024-12-13T16:04:57.845Z","level":"INFO","msg":"running: HashSet()","context":{"stages":"HashSet()"},"logger":"DAGScheduler"}
{"ts":"2024-12-13T16:04:57.845Z","level":"INFO","msg":"waiting: HashSet()","context":{"stages":"HashSet()"},"logger":"DAGScheduler"}
{"ts":"2024-12-13T16:04:57.846Z","level":"INFO","msg":"failed: HashSet()","context":{"stages":"HashSet()"},"logger":"DAGScheduler"}
{"ts":"2024-12-13T16:04:57.886Z","level":"INFO","msg":"Starting job: count at TestSparkSql.java:26","context":{"call_site_short_form":"count at TestSparkSql.java:26"},"logger":"SparkContext"}
{"ts":"2024-12-13T16:04:57.888Z","level":"INFO","msg":"Got job 6 (count at TestSparkSql.java:26) with 1 output partitions","context":{"call_site_short_form":"count at TestSparkSql.java:26","job_id":"6","num_partitions":"1"},"logger":"DAGScheduler"}
{"ts":"2024-12-13T16:04:57.889Z","level":"INFO","msg":"Final stage: ResultStage 8 (count at TestSparkSql.java:26)","context":{"stage_id":"ResultStage 8","stage_name":"count at TestSparkSql.java:26"},"logger":"DAGScheduler"}
{"ts":"2024-12-13T16:04:57.889Z","level":"INFO","msg":"Parents of final stage: List(ShuffleMapStage 7)","context":{"stage_id":"List(ShuffleMapStage 7)"},"logger":"DAGScheduler"}
{"ts":"2024-12-13T16:04:57.890Z","level":"INFO","msg":"Missing parents: List()","context":{"missing_parent_stages":"List()"},"logger":"DAGScheduler"}
{"ts":"2024-12-13T16:04:57.891Z","level":"INFO","msg":"Submitting ResultStage 8 (MapPartitionsRDD[27] at count at TestSparkSql.java:26), which has no missing parents","context":{"rdd_id":"MapPartitionsRDD[27] at count at TestSparkSql.java:26","stage_id":"ResultStage 8"},"logger":"DAGScheduler"}
{"ts":"2024-12-13T16:04:57.896Z","level":"INFO","msg":"Block broadcast_11 stored as values in memory (estimated size 13.5 KiB, free 421.1 MiB)","context":{"block_id":"broadcast_11","free_memory_size":"421.1 MiB","memory_size":"13.5 KiB"},"logger":"MemoryStore"}
{"ts":"2024-12-13T16:04:57.910Z","level":"INFO","msg":"Block broadcast_11_piece0 stored as bytes in memory (estimated size 6.5 KiB, free 421.1 MiB)","context":{"block_id":"broadcast_11_piece0","memory_size":"421.1 MiB","size":"6.5 KiB"},"logger":"MemoryStore"}
{"ts":"2024-12-13T16:04:57.912Z","level":"INFO","msg":"Added broadcast_11_piece0 in memory on Admin:53524 (size: 6.5 KiB, free: 421.1 MiB)","context":{"block_id":"broadcast_11_piece0","current_memory_size":"6.5 KiB","free_memory_size":"421.1 MiB","host_port":"Admin:53524"},"logger":"BlockManagerInfo"}
{"ts":"2024-12-13T16:04:57.913Z","level":"INFO","msg":"Created broadcast 11 from broadcast at DAGScheduler.scala:1644","context":{"broadcast_id":"11","call_site_short_form":"broadcast at DAGScheduler.scala:1644"},"logger":"SparkContext"}
{"ts":"2024-12-13T16:04:57.915Z","level":"INFO","msg":"Submitting 1 missing tasks from ResultStage 8 (MapPartitionsRDD[27] at count at TestSparkSql.java:26) (first 15 tasks are for partitions Vector(0))","context":{"num_tasks":"1","partition_ids":"Vector(0)","rdd_id":"MapPartitionsRDD[27] at count at TestSparkSql.java:26","stage_id":"ResultStage 8"},"logger":"DAGScheduler"}
{"ts":"2024-12-13T16:04:57.915Z","level":"INFO","msg":"Adding task set 8.0 with 1 tasks resource profile 0","context":{"num_tasks":"1","resource_profile_id":"0","stage_attempt":"0","stage_id":"8"},"logger":"TaskSchedulerImpl"}
{"ts":"2024-12-13T16:04:57.918Z","level":"INFO","msg":"Starting task 0.0 in stage 8.0 (TID 6) (Admin,executor driver, partition 0, NODE_LOCAL, 9631 bytes) ","context":{"executor_id":"driver","host":"Admin","partition_id":"0","size":"9631","task_locality":"NODE_LOCAL","task_name":"task 0.0 in stage 8.0 (TID 6)"},"logger":"TaskSetManager"}
{"ts":"2024-12-13T16:04:57.919Z","level":"INFO","msg":"Running task 0.0 in stage 8.0 (TID 6)","context":{"task_name":"task 0.0 in stage 8.0 (TID 6)"},"logger":"Executor"}
{"ts":"2024-12-13T16:04:57.927Z","level":"INFO","msg":"Getting 1 (60.0 B) non-empty blocks including 1 (60.0 B) local and 0 (0.0 B) host-local and 0 (0.0 B) push-merged-local and 0 (0.0 B) remote blocks","context":{"host_local_blocks_size":"0.0 B","local_blocks_size":"60.0 B","num_blocks":"1","num_host_local_blocks":"0","num_local_blocks":"1","num_push_merged_local_blocks":"0","num_remote_blocks":"0","push_merged_local_blocks_size":"0.0 B","remote_blocks_size":"0.0 B","task_name":"task 0.0 in stage 8.0 (TID 6)","total_size":"60.0 B"},"logger":"ShuffleBlockFetcherIterator"}
{"ts":"2024-12-13T16:04:57.928Z","level":"INFO","msg":"Started 0 remote fetches in 2 ms","context":{"count":"0","duration":"2 ms","task_name":"task 0.0 in stage 8.0 (TID 6)"},"logger":"ShuffleBlockFetcherIterator"}
{"ts":"2024-12-13T16:04:57.932Z","level":"INFO","msg":"Finished task 0.0 in stage 8.0 (TID 6). 3852 bytes result sent to driver","context":{"num_bytes":"3852","task_name":"task 0.0 in stage 8.0 (TID 6)"},"logger":"Executor"}
{"ts":"2024-12-13T16:04:57.953Z","level":"INFO","msg":"Finished task 0.0 in stage 8.0 (TID 6) in 36 ms on Admin (executor driver) (1/1)","context":{"duration":"36","executor_id":"driver","host":"Admin","num_successful_tasks":"1","num_tasks":"1","task_name":"task 0.0 in stage 8.0 (TID 6)"},"logger":"TaskSetManager"}
{"ts":"2024-12-13T16:04:57.954Z","level":"INFO","msg":"Removed TaskSet 8.0 whose tasks have all completed, from pool ","context":{"pool_name":"","stage_attempt":"0","stage_id":"8"},"logger":"TaskSchedulerImpl"}
{"ts":"2024-12-13T16:04:57.957Z","level":"INFO","msg":"ResultStage 8 (count at TestSparkSql.java:26) finished in 64 ms","context":{"stage":"ResultStage 8","stage_name":"count at TestSparkSql.java:26","time_units":"64"},"logger":"DAGScheduler"}
{"ts":"2024-12-13T16:04:57.961Z","level":"INFO","msg":"Job 6 is finished. Cancelling potential speculative or zombie tasks for this job","context":{"job_id":"6"},"logger":"DAGScheduler"}
{"ts":"2024-12-13T16:04:57.962Z","level":"INFO","msg":"Canceling stage 8","context":{"stage_id":"8"},"logger":"TaskSchedulerImpl"}
{"ts":"2024-12-13T16:04:57.962Z","level":"INFO","msg":"Killing all running tasks in stage 8: Stage finished","context":{"reason":"Stage finished","stage_id":"8"},"logger":"TaskSchedulerImpl"}
{"ts":"2024-12-13T16:04:57.964Z","level":"INFO","msg":"Job 6 finished: count at TestSparkSql.java:26, took 76.4874 ms","context":{"call_site_short_form":"count at TestSparkSql.java:26","job_id":"6","time":"76.4874"},"logger":"DAGScheduler"}
{"ts":"2024-12-13T16:04:58.069Z","level":"INFO","msg":"Pushed Filters: ","context":{"pushed_filters":""},"logger":"FileSourceStrategy"}
{"ts":"2024-12-13T16:04:58.070Z","level":"INFO","msg":"Post-Scan Filters: ","context":{"post_scan_filters":""},"logger":"FileSourceStrategy"}
{"ts":"2024-12-13T16:04:58.390Z","level":"INFO","msg":"Code generated in 149.5524 ms","context":{"total_time":"149.5524"},"logger":"CodeGenerator"}
{"ts":"2024-12-13T16:04:58.397Z","level":"INFO","msg":"Block broadcast_12 stored as values in memory (estimated size 376.0 B, free 421.1 MiB)","context":{"block_id":"broadcast_12","free_memory_size":"421.1 MiB","memory_size":"376.0 B"},"logger":"MemoryStore"}
{"ts":"2024-12-13T16:04:58.421Z","level":"INFO","msg":"Block broadcast_12_piece0 stored as bytes in memory (estimated size 38.3 KiB, free 421.1 MiB)","context":{"block_id":"broadcast_12_piece0","memory_size":"421.1 MiB","size":"38.3 KiB"},"logger":"MemoryStore"}
{"ts":"2024-12-13T16:04:58.446Z","level":"INFO","msg":"Added broadcast_12_piece0 in memory on Admin:53524 (size: 38.3 KiB, free: 421.1 MiB)","context":{"block_id":"broadcast_12_piece0","current_memory_size":"38.3 KiB","free_memory_size":"421.1 MiB","host_port":"Admin:53524"},"logger":"BlockManagerInfo"}
{"ts":"2024-12-13T16:04:58.447Z","level":"INFO","msg":"Created broadcast 12 from $anonfun$withThreadLocalCaptured$1 at FutureTask.java:317","context":{"broadcast_id":"12","call_site_short_form":"$anonfun$withThreadLocalCaptured$1 at FutureTask.java:317"},"logger":"SparkContext"}
{"ts":"2024-12-13T16:04:58.449Z","level":"INFO","msg":"Planning scan with bin packing, max size: 48149213 bytes, open cost is considered as scanning 4194304 bytes.","context":{"max_split_bytes":"48149213","open_cost_in_bytes":"4194304"},"logger":"FileSourceScanExec"}
{"ts":"2024-12-13T16:04:58.472Z","level":"INFO","msg":"Registering RDD 31 ($anonfun$withThreadLocalCaptured$1 at FutureTask.java:317) as input to shuffle 2","context":{"creation_site":"$anonfun$withThreadLocalCaptured$1 at FutureTask.java:317","rdd_id":"31","shuffle_id":"2"},"logger":"DAGScheduler"}
{"ts":"2024-12-13T16:04:58.473Z","level":"INFO","msg":"Got map stage job 7 ($anonfun$withThreadLocalCaptured$1 at FutureTask.java:317) with 1 output partitions","context":{"call_site_short_form":"$anonfun$withThreadLocalCaptured$1 at FutureTask.java:317","job_id":"7","num_partitions":"1"},"logger":"DAGScheduler"}
{"ts":"2024-12-13T16:04:58.473Z","level":"INFO","msg":"Final stage: ShuffleMapStage 9 ($anonfun$withThreadLocalCaptured$1 at FutureTask.java:317)","context":{"stage_id":"ShuffleMapStage 9","stage_name":"$anonfun$withThreadLocalCaptured$1 at FutureTask.java:317"},"logger":"DAGScheduler"}
{"ts":"2024-12-13T16:04:58.473Z","level":"INFO","msg":"Parents of final stage: List()","context":{"parent_stages":"List()"},"logger":"DAGScheduler"}
{"ts":"2024-12-13T16:04:58.474Z","level":"INFO","msg":"Missing parents: List()","context":{"missing_parent_stages":"List()"},"logger":"DAGScheduler"}
{"ts":"2024-12-13T16:04:58.475Z","level":"INFO","msg":"Submitting ShuffleMapStage 9 (MapPartitionsRDD[31] at $anonfun$withThreadLocalCaptured$1 at FutureTask.java:317), which has no missing parents","context":{"rdd_id":"MapPartitionsRDD[31] at $anonfun$withThreadLocalCaptured$1 at FutureTask.java:317","stage_id":"ShuffleMapStage 9"},"logger":"DAGScheduler"}
{"ts":"2024-12-13T16:04:58.482Z","level":"INFO","msg":"Block broadcast_13 stored as values in memory (estimated size 30.0 KiB, free 421.0 MiB)","context":{"block_id":"broadcast_13","free_memory_size":"421.0 MiB","memory_size":"30.0 KiB"},"logger":"MemoryStore"}
{"ts":"2024-12-13T16:04:58.492Z","level":"INFO","msg":"Block broadcast_13_piece0 stored as bytes in memory (estimated size 13.7 KiB, free 421.0 MiB)","context":{"block_id":"broadcast_13_piece0","memory_size":"421.0 MiB","size":"13.7 KiB"},"logger":"MemoryStore"}
{"ts":"2024-12-13T16:04:58.494Z","level":"INFO","msg":"Added broadcast_13_piece0 in memory on Admin:53524 (size: 13.7 KiB, free: 421.1 MiB)","context":{"block_id":"broadcast_13_piece0","current_memory_size":"13.7 KiB","free_memory_size":"421.1 MiB","host_port":"Admin:53524"},"logger":"BlockManagerInfo"}
{"ts":"2024-12-13T16:04:58.495Z","level":"INFO","msg":"Created broadcast 13 from broadcast at DAGScheduler.scala:1644","context":{"broadcast_id":"13","call_site_short_form":"broadcast at DAGScheduler.scala:1644"},"logger":"SparkContext"}
{"ts":"2024-12-13T16:04:58.496Z","level":"INFO","msg":"Submitting 1 missing tasks from ShuffleMapStage 9 (MapPartitionsRDD[31] at $anonfun$withThreadLocalCaptured$1 at FutureTask.java:317) (first 15 tasks are for partitions Vector(0))","context":{"num_tasks":"1","partition_ids":"Vector(0)","rdd_id":"MapPartitionsRDD[31] at $anonfun$withThreadLocalCaptured$1 at FutureTask.java:317","stage_id":"ShuffleMapStage 9"},"logger":"DAGScheduler"}
{"ts":"2024-12-13T16:04:58.497Z","level":"INFO","msg":"Adding task set 9.0 with 1 tasks resource profile 0","context":{"num_tasks":"1","resource_profile_id":"0","stage_attempt":"0","stage_id":"9"},"logger":"TaskSchedulerImpl"}
{"ts":"2024-12-13T16:04:58.498Z","level":"INFO","msg":"Starting task 0.0 in stage 9.0 (TID 7) (Admin,executor driver, partition 0, PROCESS_LOCAL, 10265 bytes) ","context":{"executor_id":"driver","host":"Admin","partition_id":"0","size":"10265","task_locality":"PROCESS_LOCAL","task_name":"task 0.0 in stage 9.0 (TID 7)"},"logger":"TaskSetManager"}
{"ts":"2024-12-13T16:04:58.499Z","level":"INFO","msg":"Running task 0.0 in stage 9.0 (TID 7)","context":{"task_name":"task 0.0 in stage 9.0 (TID 7)"},"logger":"Executor"}
{"ts":"2024-12-13T16:04:58.572Z","level":"INFO","msg":"Code generated in 54.0357 ms","context":{"task_name":"task 0.0 in stage 9.0 (TID 7)","total_time":"54.0357"},"logger":"CodeGenerator"}
{"ts":"2024-12-13T16:04:58.634Z","level":"INFO","msg":"Code generated in 45.867 ms","context":{"task_name":"task 0.0 in stage 9.0 (TID 7)","total_time":"45.867"},"logger":"CodeGenerator"}
{"ts":"2024-12-13T16:04:58.677Z","level":"INFO","msg":"Reading File path: file:///D:/eclipse-workspace/sparksql_demo/src/test/java/sparksql_demo/retails.csv, range: 0-43954909, partition values: [empty row]","context":{"current_file":"path: file:///D:/eclipse-workspace/sparksql_demo/src/test/java/sparksql_demo/retails.csv, range: 0-43954909, partition values: [empty row]","task_name":"task 0.0 in stage 9.0 (TID 7)"},"logger":"FileScanRDD"}
{"ts":"2024-12-13T16:04:58.819Z","level":"INFO","msg":"Removed broadcast_10_piece0 on Admin:53524 in memory (size: 9.8 KiB, free: 421.1 MiB)","context":{"block_id":"broadcast_10_piece0","free_memory_size":"421.1 MiB","host_port":"Admin:53524","original_memory_size":"9.8 KiB"},"logger":"BlockManagerInfo"}
{"ts":"2024-12-13T16:04:58.825Z","level":"INFO","msg":"Removed broadcast_9_piece0 on Admin:53524 in memory (size: 38.3 KiB, free: 421.1 MiB)","context":{"block_id":"broadcast_9_piece0","free_memory_size":"421.1 MiB","host_port":"Admin:53524","original_memory_size":"38.3 KiB"},"logger":"BlockManagerInfo"}
{"ts":"2024-12-13T16:04:58.834Z","level":"INFO","msg":"Removed broadcast_11_piece0 on Admin:53524 in memory (size: 6.5 KiB, free: 421.1 MiB)","context":{"block_id":"broadcast_11_piece0","free_memory_size":"421.1 MiB","host_port":"Admin:53524","original_memory_size":"6.5 KiB"},"logger":"BlockManagerInfo"}
{"ts":"2024-12-13T16:05:00.616Z","level":"INFO","msg":"Finished task 0.0 in stage 9.0 (TID 7). 2816 bytes result sent to driver","context":{"num_bytes":"2816","task_name":"task 0.0 in stage 9.0 (TID 7)"},"logger":"Executor"}
{"ts":"2024-12-13T16:05:00.619Z","level":"INFO","msg":"Finished task 0.0 in stage 9.0 (TID 7) in 2121 ms on Admin (executor driver) (1/1)","context":{"duration":"2121","executor_id":"driver","host":"Admin","num_successful_tasks":"1","num_tasks":"1","task_name":"task 0.0 in stage 9.0 (TID 7)"},"logger":"TaskSetManager"}
{"ts":"2024-12-13T16:05:00.620Z","level":"INFO","msg":"Removed TaskSet 9.0 whose tasks have all completed, from pool ","context":{"pool_name":"","stage_attempt":"0","stage_id":"9"},"logger":"TaskSchedulerImpl"}
{"ts":"2024-12-13T16:05:00.621Z","level":"INFO","msg":"ShuffleMapStage 9 ($anonfun$withThreadLocalCaptured$1 at FutureTask.java:317) finished in 2144 ms","context":{"stage":"ShuffleMapStage 9","stage_name":"$anonfun$withThreadLocalCaptured$1 at FutureTask.java:317","time_units":"2144"},"logger":"DAGScheduler"}
{"ts":"2024-12-13T16:05:00.621Z","level":"INFO","msg":"looking for newly runnable stages","logger":"DAGScheduler"}
{"ts":"2024-12-13T16:05:00.622Z","level":"INFO","msg":"running: HashSet()","context":{"stages":"HashSet()"},"logger":"DAGScheduler"}
{"ts":"2024-12-13T16:05:00.622Z","level":"INFO","msg":"waiting: HashSet()","context":{"stages":"HashSet()"},"logger":"DAGScheduler"}
{"ts":"2024-12-13T16:05:00.623Z","level":"INFO","msg":"failed: HashSet()","context":{"stages":"HashSet()"},"logger":"DAGScheduler"}
{"ts":"2024-12-13T16:05:00.700Z","level":"INFO","msg":"For shuffle(2, advisory target size: 67108864, actual target size 1048576, minimum partition size: 1048576","context":{"advisory_target_size":"67108864","partition_size":"1048576","shuffle_id":"2","target_size":"1048576"},"logger":"ShufflePartitionsUtil"}
{"ts":"2024-12-13T16:05:00.813Z","level":"INFO","msg":"Code generated in 56.6255 ms","context":{"total_time":"56.6255"},"logger":"CodeGenerator"}
{"ts":"2024-12-13T16:05:00.857Z","level":"INFO","msg":"Registering RDD 34 ($anonfun$withThreadLocalCaptured$1 at FutureTask.java:317) as input to shuffle 3","context":{"creation_site":"$anonfun$withThreadLocalCaptured$1 at FutureTask.java:317","rdd_id":"34","shuffle_id":"3"},"logger":"DAGScheduler"}
[...]
{"ts":"2024-12-13T16:05:07.725Z","level":"INFO","msg":"Getting 1 (60.0 B) non-empty blocks including 1 (60.0 B) local and 0 (0.0 B) host-local and 0 (0.0 B) push-merged-local and 0 (0.0 B) remote blocks","context":{"host_local_blocks_size":"0.0 B","local_blocks_size":"60.0 B","num_blocks":"1","num_host_local_blocks":"0","num_local_blocks":"1","num_push_merged_local_blocks":"0","num_remote_blocks":"0","push_merged_local_blocks_size":"0.0 B","remote_blocks_size":"0.0 B","task_name":"task 0.0 in stage 26.0 (TID 15)","total_size":"60.0 B"},"logger":"ShuffleBlockFetcherIterator"}
{"ts":"2024-12-13T16:05:07.726Z","level":"INFO","msg":"Started 0 remote fetches in 2 ms","context":{"count":"0","duration":"2 ms","task_name":"task 0.0 in stage 26.0 (TID 15)"},"logger":"ShuffleBlockFetcherIterator"}
{"ts":"2024-12-13T16:05:07.729Z","level":"INFO","msg":"Finished task 0.0 in stage 26.0 (TID 15). 3852 bytes result sent to driver","context":{"num_bytes":"3852","task_name":"task 0.0 in stage 26.0 (TID 15)"},"logger":"Executor"}
{"ts":"2024-12-13T16:05:07.730Z","level":"INFO","msg":"Finished task 0.0 in stage 26.0 (TID 15) in 12 ms on Admin (executor driver) (1/1)","context":{"duration":"12","executor_id":"driver","host":"Admin","num_successful_tasks":"1","num_tasks":"1","task_name":"task 0.0 in stage 26.0 (TID 15)"},"logger":"TaskSetManager"}
{"ts":"2024-12-13T16:05:07.731Z","level":"INFO","msg":"Removed TaskSet 26.0 whose tasks have all completed, from pool ","context":{"pool_name":"","stage_attempt":"0","stage_id":"26"},"logger":"TaskSchedulerImpl"}
{"ts":"2024-12-13T16:05:07.731Z","level":"INFO","msg":"ResultStage 26 (count at TestSparkSql.java:36) finished in 20 ms","context":{"stage":"ResultStage 26","stage_name":"count at TestSparkSql.java:36","time_units":"20"},"logger":"DAGScheduler"}
{"ts":"2024-12-13T16:05:07.732Z","level":"INFO","msg":"Job 15 is finished. Cancelling potential speculative or zombie tasks for this job","context":{"job_id":"15"},"logger":"DAGScheduler"}
{"ts":"2024-12-13T16:05:07.732Z","level":"INFO","msg":"Canceling stage 26","context":{"stage_id":"26"},"logger":"TaskSchedulerImpl"}
{"ts":"2024-12-13T16:05:07.732Z","level":"INFO","msg":"Killing all running tasks in stage 26: Stage finished","context":{"reason":"Stage finished","stage_id":"26"},"logger":"TaskSchedulerImpl"}
{"ts":"2024-12-13T16:05:07.733Z","level":"INFO","msg":"Job 15 finished: count at TestSparkSql.java:36, took 27.1443 ms","context":{"call_site_short_form":"count at TestSparkSql.java:36","job_id":"15","time":"27.1443"},"logger":"DAGScheduler"}
{"ts":"2024-12-13T16:05:08.628Z","level":"INFO","msg":"Pushed Filters: ","context":{"pushed_filters":""},"logger":"FileSourceStrategy"}
{"ts":"2024-12-13T16:05:08.628Z","level":"INFO","msg":"Post-Scan Filters: ","context":{"post_scan_filters":""},"logger":"FileSourceStrategy"}
{"ts":"2024-12-13T16:05:08.788Z","level":"INFO","msg":"Code generated in 56.9122 ms","context":{"total_time":"56.9122"},"logger":"CodeGenerator"}
{"ts":"2024-12-13T16:05:08.790Z","level":"INFO","msg":"Block broadcast_24 stored as values in memory (estimated size 376.0 B, free 421.0 MiB)","context":{"block_id":"broadcast_24","free_memory_size":"421.0 MiB","memory_size":"376.0 B"},"logger":"MemoryStore"}
{"ts":"2024-12-13T16:05:08.818Z","level":"INFO","msg":"Block broadcast_24_piece0 stored as bytes in memory (estimated size 38.3 KiB, free 421.0 MiB)","context":{"block_id":"broadcast_24_piece0","memory_size":"421.0 MiB","size":"38.3 KiB"},"logger":"MemoryStore"}
{"ts":"2024-12-13T16:05:08.819Z","level":"INFO","msg":"Added broadcast_24_piece0 in memory on Admin:53524 (size: 38.3 KiB, free: 421.1 MiB)","context":{"block_id":"broadcast_24_piece0","current_memory_size":"38.3 KiB","free_memory_size":"421.1 MiB","host_port":"Admin:53524"},"logger":"BlockManagerInfo"}
{"ts":"2024-12-13T16:05:08.820Z","level":"INFO","msg":"Created broadcast 24 from $anonfun$withThreadLocalCaptured$1 at FutureTask.java:317","context":{"broadcast_id":"24","call_site_short_form":"$anonfun$withThreadLocalCaptured$1 at FutureTask.java:317"},"logger":"SparkContext"}
{"ts":"2024-12-13T16:05:08.822Z","level":"INFO","msg":"Planning scan with bin packing, max size: 48149213 bytes, open cost is considered as scanning 4194304 bytes.","context":{"max_split_bytes":"48149213","open_cost_in_bytes":"4194304"},"logger":"FileSourceScanExec"}
{"ts":"2024-12-13T16:05:08.891Z","level":"INFO","msg":"Registering RDD 61 ($anonfun$withThreadLocalCaptured$1 at FutureTask.java:317) as input to shuffle 8","context":{"creation_site":"$anonfun$withThreadLocalCaptured$1 at FutureTask.java:317","rdd_id":"61","shuffle_id":"8"},"logger":"DAGScheduler"}
{"ts":"2024-12-13T16:05:08.891Z","level":"INFO","msg":"Got map stage job 16 ($anonfun$withThreadLocalCaptured$1 at FutureTask.java:317) with 1 output partitions","context":{"call_site_short_form":"$anonfun$withThreadLocalCaptured$1 at FutureTask.java:317","job_id":"16","num_partitions":"1"},"logger":"DAGScheduler"}
{"ts":"2024-12-13T16:05:08.891Z","level":"INFO","msg":"Final stage: ShuffleMapStage 27 ($anonfun$withThreadLocalCaptured$1 at FutureTask.java:317)","context":{"stage_id":"ShuffleMapStage 27","stage_name":"$anonfun$withThreadLocalCaptured$1 at FutureTask.java:317"},"logger":"DAGScheduler"}
{"ts":"2024-12-13T16:05:08.891Z","level":"INFO","msg":"Parents of final stage: List()","context":{"parent_stages":"List()"},"logger":"DAGScheduler"}
{"ts":"2024-12-13T16:05:08.892Z","level":"INFO","msg":"Missing parents: List()","context":{"missing_parent_stages":"List()"},"logger":"DAGScheduler"}
{"ts":"2024-12-13T16:05:08.893Z","level":"INFO","msg":"Submitting ShuffleMapStage 27 (MapPartitionsRDD[61] at $anonfun$withThreadLocalCaptured$1 at FutureTask.java:317), which has no missing parents","context":{"rdd_id":"MapPartitionsRDD[61] at $anonfun$withThreadLocalCaptured$1 at FutureTask.java:317","stage_id":"ShuffleMapStage 27"},"logger":"DAGScheduler"}
{"ts":"2024-12-13T16:05:08.896Z","level":"INFO","msg":"Block broadcast_25 stored as values in memory (estimated size 37.5 KiB, free 421.0 MiB)","context":{"block_id":"broadcast_25","free_memory_size":"421.0 MiB","memory_size":"37.5 KiB"},"logger":"MemoryStore"}
{"ts":"2024-12-13T16:05:08.898Z","level":"INFO","msg":"Block broadcast_25_piece0 stored as bytes in memory (estimated size 17.2 KiB, free 421.0 MiB)","context":{"block_id":"broadcast_25_piece0","memory_size":"421.0 MiB","size":"17.2 KiB"},"logger":"MemoryStore"}
{"ts":"2024-12-13T16:05:08.898Z","level":"INFO","msg":"Added broadcast_25_piece0 in memory on Admin:53524 (size: 17.2 KiB, free: 421.1 MiB)","context":{"block_id":"broadcast_25_piece0","current_memory_size":"17.2 KiB","free_memory_size":"421.1 MiB","host_port":"Admin:53524"},"logger":"BlockManagerInfo"}
{"ts":"2024-12-13T16:05:08.899Z","level":"INFO","msg":"Created broadcast 25 from broadcast at DAGScheduler.scala:1644","context":{"broadcast_id":"25","call_site_short_form":"broadcast at DAGScheduler.scala:1644"},"logger":"SparkContext"}
{"ts":"2024-12-13T16:05:08.899Z","level":"INFO","msg":"Submitting 1 missing tasks from ShuffleMapStage 27 (MapPartitionsRDD[61] at $anonfun$withThreadLocalCaptured$1 at FutureTask.java:317) (first 15 tasks are for partitions Vector(0))","context":{"num_tasks":"1","partition_ids":"Vector(0)","rdd_id":"MapPartitionsRDD[61] at $anonfun$withThreadLocalCaptured$1 at FutureTask.java:317","stage_id":"ShuffleMapStage 27"},"logger":"DAGScheduler"}
{"ts":"2024-12-13T16:05:08.900Z","level":"INFO","msg":"Adding task set 27.0 with 1 tasks resource profile 0","context":{"num_tasks":"1","resource_profile_id":"0","stage_attempt":"0","stage_id":"27"},"logger":"TaskSchedulerImpl"}
{"ts":"2024-12-13T16:05:08.901Z","level":"INFO","msg":"Starting task 0.0 in stage 27.0 (TID 16) (Admin,executor driver, partition 0, PROCESS_LOCAL, 10265 bytes) ","context":{"executor_id":"driver","host":"Admin","partition_id":"0","size":"10265","task_locality":"PROCESS_LOCAL","task_name":"task 0.0 in stage 27.0 (TID 16)"},"logger":"TaskSetManager"}
{"ts":"2024-12-13T16:05:08.902Z","level":"INFO","msg":"Running task 0.0 in stage 27.0 (TID 16)","context":{"task_name":"task 0.0 in stage 27.0 (TID 16)"},"logger":"Executor"}
{"ts":"2024-12-13T16:05:08.954Z","level":"INFO","msg":"Code generated in 42.6594 ms","context":{"task_name":"task 0.0 in stage 27.0 (TID 16)","total_time":"42.6594"},"logger":"CodeGenerator"}
{"ts":"2024-12-13T16:05:08.981Z","level":"INFO","msg":"Code generated in 12.7079 ms","context":{"task_name":"task 0.0 in stage 27.0 (TID 16)","total_time":"12.7079"},"logger":"CodeGenerator"}
{"ts":"2024-12-13T16:05:08.994Z","level":"INFO","msg":"Code generated in 9.6837 ms","context":{"task_name":"task 0.0 in stage 27.0 (TID 16)","total_time":"9.6837"},"logger":"CodeGenerator"}
{"ts":"2024-12-13T16:05:09.002Z","level":"INFO","msg":"Reading File path: file:///D:/eclipse-workspace/sparksql_demo/src/test/java/sparksql_demo/retails.csv, range: 0-43954909, partition values: [empty row]","context":{"current_file":"path: file:///D:/eclipse-workspace/sparksql_demo/src/test/java/sparksql_demo/retails.csv, range: 0-43954909, partition values: [empty row]","task_name":"task 0.0 in stage 27.0 (TID 16)"},"logger":"FileScanRDD"}
{"ts":"2024-12-13T16:05:09.017Z","level":"INFO","msg":"Code generated in 11.6034 ms","context":{"task_name":"task 0.0 in stage 27.0 (TID 16)","total_time":"11.6034"},"logger":"CodeGenerator"}
{"ts":"2024-12-13T16:05:09.252Z","level":"INFO","msg":"Removed broadcast_20_piece0 on Admin:53524 in memory (size: 38.3 KiB, free: 421.1 MiB)","context":{"block_id":"broadcast_20_piece0","free_memory_size":"421.1 MiB","host_port":"Admin:53524","original_memory_size":"38.3 KiB"},"logger":"BlockManagerInfo"}
{"ts":"2024-12-13T16:05:09.258Z","level":"INFO","msg":"Removed broadcast_22_piece0 on Admin:53524 in memory (size: 18.7 KiB, free: 421.1 MiB)","context":{"block_id":"broadcast_22_piece0","free_memory_size":"421.1 MiB","host_port":"Admin:53524","original_memory_size":"18.7 KiB"},"logger":"BlockManagerInfo"}
{"ts":"2024-12-13T16:05:09.264Z","level":"INFO","msg":"Removed broadcast_21_piece0 on Admin:53524 in memory (size: 13.8 KiB, free: 421.1 MiB)","context":{"block_id":"broadcast_21_piece0","free_memory_size":"421.1 MiB","host_port":"Admin:53524","original_memory_size":"13.8 KiB"},"logger":"BlockManagerInfo"}
{"ts":"2024-12-13T16:05:09.268Z","level":"INFO","msg":"Removed broadcast_23_piece0 on Admin:53524 in memory (size: 6.5 KiB, free: 421.1 MiB)","context":{"block_id":"broadcast_23_piece0","free_memory_size":"421.1 MiB","host_port":"Admin:53524","original_memory_size":"6.5 KiB"},"logger":"BlockManagerInfo"}
{"ts":"2024-12-13T16:05:10.498Z","level":"INFO","msg":"Finished task 0.0 in stage 27.0 (TID 16). 2773 bytes result sent to driver","context":{"num_bytes":"2773","task_name":"task 0.0 in stage 27.0 (TID 16)"},"logger":"Executor"}
{"ts":"2024-12-13T16:05:10.500Z","level":"INFO","msg":"Finished task 0.0 in stage 27.0 (TID 16) in 1599 ms on Admin (executor driver) (1/1)","context":{"duration":"1599","executor_id":"driver","host":"Admin","num_successful_tasks":"1","num_tasks":"1","task_name":"task 0.0 in stage 27.0 (TID 16)"},"logger":"TaskSetManager"}
{"ts":"2024-12-13T16:05:10.501Z","level":"INFO","msg":"Removed TaskSet 27.0 whose tasks have all completed, from pool ","context":{"pool_name":"","stage_attempt":"0","stage_id":"27"},"logger":"TaskSchedulerImpl"}
{"ts":"2024-12-13T16:05:10.502Z","level":"INFO","msg":"ShuffleMapStage 27 ($anonfun$withThreadLocalCaptured$1 at FutureTask.java:317) finished in 1607 ms","context":{"stage":"ShuffleMapStage 27","stage_name":"$anonfun$withThreadLocalCaptured$1 at FutureTask.java:317","time_units":"1607"},"logger":"DAGScheduler"}
{"ts":"2024-12-13T16:05:10.502Z","level":"INFO","msg":"looking for newly runnable stages","logger":"DAGScheduler"}
{"ts":"2024-12-13T16:05:10.502Z","level":"INFO","msg":"running: HashSet()","context":{"stages":"HashSet()"},"logger":"DAGScheduler"}
{"ts":"2024-12-13T16:05:10.502Z","level":"INFO","msg":"waiting: HashSet()","context":{"stages":"HashSet()"},"logger":"DAGScheduler"}
{"ts":"2024-12-13T16:05:10.502Z","level":"INFO","msg":"failed: HashSet()","context":{"stages":"HashSet()"},"logger":"DAGScheduler"}
{"ts":"2024-12-13T16:05:10.513Z","level":"INFO","msg":"For shuffle(8, advisory target size: 67108864, actual target size 1048576, minimum partition size: 1048576","context":{"advisory_target_size":"67108864","partition_size":"1048576","shuffle_id":"8","target_size":"1048576"},"logger":"ShufflePartitionsUtil"}
{"ts":"2024-12-13T16:05:10.635Z","level":"INFO","msg":"Code generated in 83.9188 ms","context":{"total_time":"83.9188"},"logger":"CodeGenerator"}
{"ts":"2024-12-13T16:05:10.637Z","level":"INFO","msg":"spark.sql.codegen.aggregate.map.twolevel.enabled is set to true, but current version of codegened fast hashmap does not support this aggregate.","context":{"config":"spark.sql.codegen.aggregate.map.twolevel.enabled"},"logger":"HashAggregateExec"}
{"ts":"2024-12-13T16:05:10.671Z","level":"INFO","msg":"Code generated in 23.7186 ms","context":{"total_time":"23.7186"},"logger":"CodeGenerator"}
{"ts":"2024-12-13T16:05:10.724Z","level":"INFO","msg":"Starting job: show at TestSparkSql.java:52","context":{"call_site_short_form":"show at TestSparkSql.java:52"},"logger":"SparkContext"}
{"ts":"2024-12-13T16:05:10.727Z","level":"INFO","msg":"Got job 17 (show at TestSparkSql.java:52) with 1 output partitions","context":{"call_site_short_form":"show at TestSparkSql.java:52","job_id":"17","num_partitions":"1"},"logger":"DAGScheduler"}
{"ts":"2024-12-13T16:05:10.728Z","level":"INFO","msg":"Final stage: ResultStage 29 (show at TestSparkSql.java:52)","context":{"stage_id":"ResultStage 29","stage_name":"show at TestSparkSql.java:52"},"logger":"DAGScheduler"}
{"ts":"2024-12-13T16:05:10.728Z","level":"INFO","msg":"Parents of final stage: List(ShuffleMapStage 28)","context":{"stage_id":"List(ShuffleMapStage 28)"},"logger":"DAGScheduler"}
{"ts":"2024-12-13T16:05:10.729Z","level":"INFO","msg":"Missing parents: List()","context":{"missing_parent_stages":"List()"},"logger":"DAGScheduler"}
{"ts":"2024-12-13T16:05:10.731Z","level":"INFO","msg":"Submitting ResultStage 29 (MapPartitionsRDD[65] at show at TestSparkSql.java:52), which has no missing parents","context":{"rdd_id":"MapPartitionsRDD[65] at show at TestSparkSql.java:52","stage_id":"ResultStage 29"},"logger":"DAGScheduler"}
{"ts":"2024-12-13T16:05:10.741Z","level":"INFO","msg":"Block broadcast_26 stored as values in memory (estimated size 41.6 KiB, free 421.1 MiB)","context":{"block_id":"broadcast_26","free_memory_size":"421.1 MiB","memory_size":"41.6 KiB"},"logger":"MemoryStore"}
{"ts":"2024-12-13T16:05:10.745Z","level":"INFO","msg":"Block broadcast_26_piece0 stored as bytes in memory (estimated size 19.1 KiB, free 421.0 MiB)","context":{"block_id":"broadcast_26_piece0","memory_size":"421.0 MiB","size":"19.1 KiB"},"logger":"MemoryStore"}
{"ts":"2024-12-13T16:05:10.746Z","level":"INFO","msg":"Added broadcast_26_piece0 in memory on Admin:53524 (size: 19.1 KiB, free: 421.1 MiB)","context":{"block_id":"broadcast_26_piece0","current_memory_size":"19.1 KiB","free_memory_size":"421.1 MiB","host_port":"Admin:53524"},"logger":"BlockManagerInfo"}
{"ts":"2024-12-13T16:05:10.747Z","level":"INFO","msg":"Created broadcast 26 from broadcast at DAGScheduler.scala:1644","context":{"broadcast_id":"26","call_site_short_form":"broadcast at DAGScheduler.scala:1644"},"logger":"SparkContext"}
{"ts":"2024-12-13T16:05:10.748Z","level":"INFO","msg":"Submitting 1 missing tasks from ResultStage 29 (MapPartitionsRDD[65] at show at TestSparkSql.java:52) (first 15 tasks are for partitions Vector(0))","context":{"num_tasks":"1","partition_ids":"Vector(0)","rdd_id":"MapPartitionsRDD[65] at show at TestSparkSql.java:52","stage_id":"ResultStage 29"},"logger":"DAGScheduler"}
{"ts":"2024-12-13T16:05:10.749Z","level":"INFO","msg":"Adding task set 29.0 with 1 tasks resource profile 0","context":{"num_tasks":"1","resource_profile_id":"0","stage_attempt":"0","stage_id":"29"},"logger":"TaskSchedulerImpl"}
{"ts":"2024-12-13T16:05:10.751Z","level":"INFO","msg":"Starting task 0.0 in stage 29.0 (TID 17) (Admin,executor driver, partition 0, NODE_LOCAL, 9631 bytes) ","context":{"executor_id":"driver","host":"Admin","partition_id":"0","size":"9631","task_locality":"NODE_LOCAL","task_name":"task 0.0 in stage 29.0 (TID 17)"},"logger":"TaskSetManager"}
{"ts":"2024-12-13T16:05:10.752Z","level":"INFO","msg":"Running task 0.0 in stage 29.0 (TID 17)","context":{"task_name":"task 0.0 in stage 29.0 (TID 17)"},"logger":"Executor"}
{"ts":"2024-12-13T16:05:10.784Z","level":"INFO","msg":"Code generated in 7.1821 ms","context":{"task_name":"task 0.0 in stage 29.0 (TID 17)","total_time":"7.1821"},"logger":"CodeGenerator"}
{"ts":"2024-12-13T16:05:10.788Z","level":"INFO","msg":"Getting 1 (2.9 KiB) non-empty blocks including 1 (2.9 KiB) local and 0 (0.0 B) host-local and 0 (0.0 B) push-merged-local and 0 (0.0 B) remote blocks","context":{"host_local_blocks_size":"0.0 B","local_blocks_size":"2.9 KiB","num_blocks":"1","num_host_local_blocks":"0","num_local_blocks":"1","num_push_merged_local_blocks":"0","num_remote_blocks":"0","push_merged_local_blocks_size":"0.0 B","remote_blocks_size":"0.0 B","task_name":"task 0.0 in stage 29.0 (TID 17)","total_size":"2.9 KiB"},"logger":"ShuffleBlockFetcherIterator"}
{"ts":"2024-12-13T16:05:10.788Z","level":"INFO","msg":"Started 0 remote fetches in 1 ms","context":{"count":"0","duration":"1 ms","task_name":"task 0.0 in stage 29.0 (TID 17)"},"logger":"ShuffleBlockFetcherIterator"}
{"ts":"2024-12-13T16:05:10.816Z","level":"INFO","msg":"Code generated in 27.4089 ms","context":{"task_name":"task 0.0 in stage 29.0 (TID 17)","total_time":"27.4089"},"logger":"CodeGenerator"}
{"ts":"2024-12-13T16:05:10.872Z","level":"INFO","msg":"Finished task 0.0 in stage 29.0 (TID 17). 5974 bytes result sent to driver","context":{"num_bytes":"5974","task_name":"task 0.0 in stage 29.0 (TID 17)"},"logger":"Executor"}
{"ts":"2024-12-13T16:05:10.874Z","level":"INFO","msg":"Finished task 0.0 in stage 29.0 (TID 17) in 124 ms on Admin (executor driver) (1/1)","context":{"duration":"124","executor_id":"driver","host":"Admin","num_successful_tasks":"1","num_tasks":"1","task_name":"task 0.0 in stage 29.0 (TID 17)"},"logger":"TaskSetManager"}
{"ts":"2024-12-13T16:05:10.875Z","level":"INFO","msg":"Removed TaskSet 29.0 whose tasks have all completed, from pool ","context":{"pool_name":"","stage_attempt":"0","stage_id":"29"},"logger":"TaskSchedulerImpl"}
{"ts":"2024-12-13T16:05:10.876Z","level":"INFO","msg":"ResultStage 29 (show at TestSparkSql.java:52) finished in 141 ms","context":{"stage":"ResultStage 29","stage_name":"show at TestSparkSql.java:52","time_units":"141"},"logger":"DAGScheduler"}
{"ts":"2024-12-13T16:05:10.876Z","level":"INFO","msg":"Job 17 is finished. Cancelling potential speculative or zombie tasks for this job","context":{"job_id":"17"},"logger":"DAGScheduler"}
{"ts":"2024-12-13T16:05:10.877Z","level":"INFO","msg":"Canceling stage 29","context":{"stage_id":"29"},"logger":"TaskSchedulerImpl"}
{"ts":"2024-12-13T16:05:10.877Z","level":"INFO","msg":"Killing all running tasks in stage 29: Stage finished","context":{"reason":"Stage finished","stage_id":"29"},"logger":"TaskSchedulerImpl"}
{"ts":"2024-12-13T16:05:10.877Z","level":"INFO","msg":"Job 17 finished: show at TestSparkSql.java:52, took 153.3534 ms","context":{"call_site_short_form":"show at TestSparkSql.java:52","job_id":"17","time":"153.3534"},"logger":"DAGScheduler"}
{"ts":"2024-12-13T16:05:10.895Z","level":"INFO","msg":"Code generated in 13.0288 ms","context":{"total_time":"13.0288"},"logger":"CodeGenerator"}
{"ts":"2024-12-13T16:05:10.912Z","level":"INFO","msg":"Code generated in 10.5437 ms","context":{"total_time":"10.5437"},"logger":"CodeGenerator"}
]]></system-err>
  </testcase>
</testsuite>